Warning[205] C:\USERS\MAKRO\DESKTOP\WORKSTATION\TIMER0-LED\TIMER0-LED.ASM 1 : Found directive in column 1. (LIST)
Warning[205] C:\USERS\MAKRO\DESKTOP\WORKSTATION\TIMER0-LED\TIMER0-LED.ASM 7 : Found directive in column 1. (ORG)
Warning[203] C:\USERS\MAKRO\DESKTOP\WORKSTATION\TIMER0-LED\TIMER0-LED.ASM 8 : Found opcode in column 1. (GOTO)
Warning[205] C:\USERS\MAKRO\DESKTOP\WORKSTATION\TIMER0-LED\TIMER0-LED.ASM 10 : Found directive in column 1. (ORG)
Warning[203] C:\USERS\MAKRO\DESKTOP\WORKSTATION\TIMER0-LED\TIMER0-LED.ASM 11 : Found opcode in column 1. (GOTO)
Warning[203] C:\USERS\MAKRO\DESKTOP\WORKSTATION\TIMER0-LED\TIMER0-LED.ASM 15 : Found opcode in column 1. (BCF)
Warning[203] C:\USERS\MAKRO\DESKTOP\WORKSTATION\TIMER0-LED\TIMER0-LED.ASM 16 : Found opcode in column 1. (MOVLW)
Warning[203] C:\USERS\MAKRO\DESKTOP\WORKSTATION\TIMER0-LED\TIMER0-LED.ASM 17 : Found opcode in column 1. (MOVWF)
Warning[203] C:\USERS\MAKRO\DESKTOP\WORKSTATION\TIMER0-LED\TIMER0-LED.ASM 18 : Found opcode in column 1. (INCF)
Warning[203] C:\USERS\MAKRO\DESKTOP\WORKSTATION\TIMER0-LED\TIMER0-LED.ASM 19 : Found opcode in column 1. (MOVLW)
Warning[203] C:\USERS\MAKRO\DESKTOP\WORKSTATION\TIMER0-LED\TIMER0-LED.ASM 20 : Found opcode in column 1. (SUBWF)
Warning[203] C:\USERS\MAKRO\DESKTOP\WORKSTATION\TIMER0-LED\TIMER0-LED.ASM 21 : Found opcode in column 1. (BTFSS)
Warning[203] C:\USERS\MAKRO\DESKTOP\WORKSTATION\TIMER0-LED\TIMER0-LED.ASM 22 : Found opcode in column 1. (RETFIE)
Warning[203] C:\USERS\MAKRO\DESKTOP\WORKSTATION\TIMER0-LED\TIMER0-LED.ASM 23 : Found opcode in column 1. (CLRF)
Warning[203] C:\USERS\MAKRO\DESKTOP\WORKSTATION\TIMER0-LED\TIMER0-LED.ASM 24 : Found opcode in column 1. (COMF)
Message[305] C:\USERS\MAKRO\DESKTOP\WORKSTATION\TIMER0-LED\TIMER0-LED.ASM 24 : Using default destination of 1 (file).
Warning[203] C:\USERS\MAKRO\DESKTOP\WORKSTATION\TIMER0-LED\TIMER0-LED.ASM 25 : Found opcode in column 1. (RETFIE)
Warning[205] C:\USERS\MAKRO\DESKTOP\WORKSTATION\TIMER0-LED\TIMER0-LED.ASM 28 : Found directive in column 1. (BANKSEL)
Warning[203] C:\USERS\MAKRO\DESKTOP\WORKSTATION\TIMER0-LED\TIMER0-LED.ASM 29 : Found opcode in column 1. (CLRF)
Message[302] C:\USERS\MAKRO\DESKTOP\WORKSTATION\TIMER0-LED\TIMER0-LED.ASM 29 : Register in operand not in bank 0.  Ensure that bank bits are correct.
Warning[205] C:\USERS\MAKRO\DESKTOP\WORKSTATION\TIMER0-LED\TIMER0-LED.ASM 30 : Found directive in column 1. (BANKSEL)
Warning[203] C:\USERS\MAKRO\DESKTOP\WORKSTATION\TIMER0-LED\TIMER0-LED.ASM 31 : Found opcode in column 1. (CLRF)
Warning[205] C:\USERS\MAKRO\DESKTOP\WORKSTATION\TIMER0-LED\TIMER0-LED.ASM 33 : Found directive in column 1. (BANKSEL)
Warning[203] C:\USERS\MAKRO\DESKTOP\WORKSTATION\TIMER0-LED\TIMER0-LED.ASM 34 : Found opcode in column 1. (MOVLW)
Warning[203] C:\USERS\MAKRO\DESKTOP\WORKSTATION\TIMER0-LED\TIMER0-LED.ASM 35 : Found opcode in column 1. (MOVWF)
Warning[205] C:\USERS\MAKRO\DESKTOP\WORKSTATION\TIMER0-LED\TIMER0-LED.ASM 37 : Found directive in column 1. (BANKSEL)
Warning[203] C:\USERS\MAKRO\DESKTOP\WORKSTATION\TIMER0-LED\TIMER0-LED.ASM 38 : Found opcode in column 1. (MOVLW)
Warning[203] C:\USERS\MAKRO\DESKTOP\WORKSTATION\TIMER0-LED\TIMER0-LED.ASM 39 : Found opcode in column 1. (MOVWF)
Message[302] C:\USERS\MAKRO\DESKTOP\WORKSTATION\TIMER0-LED\TIMER0-LED.ASM 39 : Register in operand not in bank 0.  Ensure that bank bits are correct.
Warning[205] C:\USERS\MAKRO\DESKTOP\WORKSTATION\TIMER0-LED\TIMER0-LED.ASM 40 : Found directive in column 1. (BANKSEL)
Warning[203] C:\USERS\MAKRO\DESKTOP\WORKSTATION\TIMER0-LED\TIMER0-LED.ASM 41 : Found opcode in column 1. (BSF)
Warning[203] C:\USERS\MAKRO\DESKTOP\WORKSTATION\TIMER0-LED\TIMER0-LED.ASM 42 : Found opcode in column 1. (BSF)
Warning[203] C:\USERS\MAKRO\DESKTOP\WORKSTATION\TIMER0-LED\TIMER0-LED.ASM 44 : Found opcode in column 1. (BSF)
Warning[203] C:\USERS\MAKRO\DESKTOP\WORKSTATION\TIMER0-LED\TIMER0-LED.ASM 47 : Found opcode in column 1. (GOTO)
Warning[205] C:\USERS\MAKRO\DESKTOP\WORKSTATION\TIMER0-LED\TIMER0-LED.ASM 50 : Found directive in column 1. (END)
