MPASM  5.49                         ODEV3.ASM   11-4-2018  17:35:40         PAGE  1


LOC  OBJECT CODE     LINE SOURCE TEXT
  VALUE

Warning[205]: Found directive in column 1. (LIST)
                      00001 LIST    P=16F877A
                      00002 #INCLUDE <P16F877A.INC>
                      00001         LIST
                      00002 
                      00003 ;==========================================================================
                      00004 ;  MPASM PIC16F877A processor include
                      00005 ; 
                      00006 ;  (c) Copyright 1999-2013 Microchip Technology, All rights reserved
                      00007 ;==========================================================================
                      00008 
                      00566         LIST
Warning[205]: Found directive in column 1. (__config)
2007   3F31           00003 __config H'3F31'
  00000025            00004 SAYAC EQU 0X25
  00000026            00005 DEGISKEN EQU 0X26
  00000027            00006 DEGISKEN2 EQU 0X27
  00000028            00007 BIR EQU 0X28
  00000029            00008 IKI EQU 0X29
  00000030            00009 ARA EQU 0X30
  00000031            00010 SAYI EQU 0X31
                      00011 
                      00012 
Warning[205]: Found directive in column 1. (ORG)
0000                  00013 ORG 0X00
0000   2821           00014         GOTO MAIN
                      00015 
Warning[205]: Found directive in column 1. (ORG)
0004                  00016 ORG 0X04
0004   2805           00017         GOTO KESME
                      00018 
0005                  00019 KESME
0005   1D0B           00020         BTFSS INTCON,T0IF
0006   0009           00021         RETFIE
0007   110B           00022         BCF INTCON,T0IF
0008   0BA5           00023         DECFSZ SAYAC,F
0009   0009           00024         RETFIE
000A   303D           00025         MOVLW D'61'
000B   00A5           00026         MOVWF SAYAC
Message[305]: Using default destination of 1 (file).
000C   0AB0           00027         INCF ARA
000D   300A           00028         MOVLW D'10'
000E   0230           00029         SUBWF ARA,W
000F   1D03           00030         BTFSS STATUS,Z
0010   2812           00031         GOTO BIRLER_BAS
0011   2815           00032         GOTO ONLAR_BAS
0012                  00033 BIRLER_BAS
0012   0830           00034         MOVF ARA,W
0013   00A8           00035         MOVWF BIR
0014   0009           00036         RETFIE
0015                  00037 ONLAR_BAS
0015   3005           00038         MOVLW D'5'
0016   0229           00039         SUBWF IKI,W
MPASM  5.49                         ODEV3.ASM   11-4-2018  17:35:40         PAGE  2


LOC  OBJECT CODE     LINE SOURCE TEXT
  VALUE

0017   1903           00040         BTFSC STATUS,Z
0018   281D           00041         GOTO SIFIRLA
Message[305]: Using default destination of 1 (file).
0019   0AA9           00042         INCF IKI
001A   01B0           00043         CLRF ARA
001B   01A8           00044         CLRF BIR
001C   0009           00045         RETFIE
001D                  00046 SIFIRLA
001D   01B0           00047         CLRF ARA
001E   01A8           00048         CLRF BIR
001F   01A9           00049         CLRF IKI
0020   0009           00050         RETFIE
                      00051 
0021                  00052 MAIN
0021   1683 1303      00053         BANKSEL ADCON1
0023   3006           00054         MOVLW H'06'
Message[302]: Register in operand not in bank 0.  Ensure that bank bits are correct.
0024   009F           00055         MOVWF ADCON1
                      00056 
Message[302]: Register in operand not in bank 0.  Ensure that bank bits are correct.
0025   0185           00057         CLRF TRISA
Message[302]: Register in operand not in bank 0.  Ensure that bank bits are correct.
0026   0186           00058         CLRF TRISB
                      00059 
0027   3005           00060         MOVLW B'00000101' ; PS2:PS0 1/64 
Message[302]: Register in operand not in bank 0.  Ensure that bank bits are correct.
0028   0081           00061         MOVWF OPTION_REG
                      00062 
0029   1283 1303      00063         BANKSEL SAYAC
002B   01A8           00064         CLRF BIR
002C   01A9           00065         CLRF IKI
002D   01B1           00066         CLRF SAYI
002E   303D           00067         MOVLW D'61'
002F   00A5           00068         MOVWF SAYAC
                      00069 
0030   30E4           00070         MOVLW B'11100100' ; GIE PIE TMR0IF
0031   008B           00071         MOVWF INTCON
                      00072 
0032                  00073 SONSUZ
0032   3001           00074         MOVLW D'1'
0033   0085           00075         MOVWF PORTA
0034   0828           00076         MOVF BIR,W
0035   2044           00077         CALL TABLE
0036   0086           00078         MOVWF PORTB
                      00079 
0037   203F           00080         CALL SUPURME
                      00081 
0038   3002           00082         MOVLW D'2'
0039   0085           00083         MOVWF PORTA
003A   0829           00084         MOVF IKI,W
003B   2044           00085         CALL TABLE
003C   0086           00086         MOVWF PORTB
                      00087         
MPASM  5.49                         ODEV3.ASM   11-4-2018  17:35:40         PAGE  3


LOC  OBJECT CODE     LINE SOURCE TEXT
  VALUE

003D   203F           00088         CALL SUPURME
                      00089 
Warning[203]: Found opcode in column 1. (GOTO)
003E   2832           00090 GOTO SONSUZ
                      00091 
003F                  00092 SUPURME
003F   30FA           00093         MOVLW D'250'
0040   00A6           00094         MOVWF DEGISKEN
0041                  00095 GECIK
0041   0BA6           00096         DECFSZ DEGISKEN,F
0042   2841           00097         GOTO GECIK
0043   0008           00098         RETURN
                      00099 
0044                  00100 TABLE
0044   0782           00101         ADDWF PCL,F
0045   343F           00102         RETLW B'0111111' ;0
0046   3406           00103         RETLW B'0000110' ;1     
0047   345B           00104         RETLW B'1011011' ;2     
0048   344F           00105         RETLW B'1001111' ;3
0049   3466           00106         RETLW B'1100110' ;4
004A   346D           00107         RETLW B'1101101' ;5
004B   347D           00108         RETLW B'1111101' ;6
004C   3407           00109         RETLW B'0000111' ;7
004D   347F           00110         RETLW B'1111111' ;8
004E   346F           00111         RETLW B'1101111' ;9
                      00112 
Warning[205]: Found directive in column 1. (END)
                      00113 END
MPASM  5.49                         ODEV3.ASM   11-4-2018  17:35:40         PAGE  4


SYMBOL TABLE
  LABEL                             VALUE 

ACKDT                             00000005
ACKEN                             00000004
ACKSTAT                           00000006
ADCON0                            0000001F
ADCON1                            0000009F
ADCS0                             00000006
ADCS1                             00000007
ADCS2                             00000006
ADDEN                             00000003
ADFM                              00000007
ADIE                              00000006
ADIF                              00000006
ADON                              00000000
ADRESH                            0000001E
ADRESL                            0000009E
ARA                               00000030
BCLIE                             00000003
BCLIF                             00000003
BF                                00000000
BIR                               00000028
BIRLER_BAS                        00000012
BRGH                              00000002
C                                 00000000
C1INV                             00000004
C1OUT                             00000006
C2INV                             00000005
C2OUT                             00000007
CCP1CON                           00000017
CCP1IE                            00000002
CCP1IF                            00000002
CCP1M0                            00000000
CCP1M1                            00000001
CCP1M2                            00000002
CCP1M3                            00000003
CCP1X                             00000005
CCP1Y                             00000004
CCP2CON                           0000001D
CCP2IE                            00000000
CCP2IF                            00000000
CCP2M0                            00000000
CCP2M1                            00000001
CCP2M2                            00000002
CCP2M3                            00000003
CCP2X                             00000005
CCP2Y                             00000004
CCPR1                             00000015
CCPR1H                            00000016
CCPR1L                            00000015
CCPR2                             0000001B
CCPR2H                            0000001C
CCPR2L                            0000001B
CHS0                              00000003
CHS1                              00000004
MPASM  5.49                         ODEV3.ASM   11-4-2018  17:35:40         PAGE  5


SYMBOL TABLE
  LABEL                             VALUE 

CHS2                              00000005
CIS                               00000003
CKE                               00000006
CKP                               00000004
CM0                               00000000
CM1                               00000001
CM2                               00000002
CMCON                             0000009C
CMIE                              00000006
CMIF                              00000006
CREN                              00000004
CSRC                              00000007
CVR0                              00000000
CVR1                              00000001
CVR2                              00000002
CVR3                              00000003
CVRCON                            0000009D
CVREN                             00000007
CVROE                             00000006
CVRR                              00000005
D                                 00000005
DATA_ADDRESS                      00000005
DC                                00000001
DEGISKEN                          00000026
DEGISKEN2                         00000027
D_A                               00000005
D_NOT_A                           00000005
EEADR                             0000010D
EEADRH                            0000010F
EECON1                            0000018C
EECON2                            0000018D
EEDATA                            0000010C
EEDATH                            0000010E
EEIE                              00000004
EEIF                              00000004
EEPGD                             00000007
F                                 00000001
FERR                              00000002
FSR                               00000004
GCEN                              00000007
GECIK                             00000041
GIE                               00000007
GO                                00000002
GO_DONE                           00000002
GO_NOT_DONE                       00000002
I2C_DATA                          00000005
I2C_READ                          00000002
I2C_START                         00000003
I2C_STOP                          00000004
IBF                               00000007
IBOV                              00000005
IKI                               00000029
INDF                              00000000
MPASM  5.49                         ODEV3.ASM   11-4-2018  17:35:40         PAGE  6


SYMBOL TABLE
  LABEL                             VALUE 

INTCON                            0000000B
INTE                              00000004
INTEDG                            00000006
INTF                              00000001
IRP                               00000007
KESME                             00000005
MAIN                              00000021
NOT_A                             00000005
NOT_ADDRESS                       00000005
NOT_BO                            00000000
NOT_BOR                           00000000
NOT_DONE                          00000002
NOT_PD                            00000003
NOT_POR                           00000001
NOT_RBPU                          00000007
NOT_RC8                           00000006
NOT_T1SYNC                        00000002
NOT_TO                            00000004
NOT_TX8                           00000006
NOT_W                             00000002
NOT_WRITE                         00000002
OBF                               00000006
OERR                              00000001
ONLAR_BAS                         00000015
OPTION_REG                        00000081
P                                 00000004
PCFG0                             00000000
PCFG1                             00000001
PCFG2                             00000002
PCFG3                             00000003
PCL                               00000002
PCLATH                            0000000A
PCON                              0000008E
PEIE                              00000006
PEN                               00000002
PIE1                              0000008C
PIE2                              0000008D
PIR1                              0000000C
PIR2                              0000000D
PORTA                             00000005
PORTB                             00000006
PORTC                             00000007
PORTD                             00000008
PORTE                             00000009
PR2                               00000092
PS0                               00000000
PS1                               00000001
PS2                               00000002
PSA                               00000003
PSPIE                             00000007
PSPIF                             00000007
PSPMODE                           00000004
R                                 00000002
MPASM  5.49                         ODEV3.ASM   11-4-2018  17:35:40         PAGE  7


SYMBOL TABLE
  LABEL                             VALUE 

RA0                               00000000
RA1                               00000001
RA2                               00000002
RA3                               00000003
RA4                               00000004
RA5                               00000005
RB0                               00000000
RB1                               00000001
RB2                               00000002
RB3                               00000003
RB4                               00000004
RB5                               00000005
RB6                               00000006
RB7                               00000007
RBIE                              00000003
RBIF                              00000000
RC0                               00000000
RC1                               00000001
RC2                               00000002
RC3                               00000003
RC4                               00000004
RC5                               00000005
RC6                               00000006
RC7                               00000007
RC8_9                             00000006
RC9                               00000006
RCD8                              00000000
RCEN                              00000003
RCIE                              00000005
RCIF                              00000005
RCREG                             0000001A
RCSTA                             00000018
RD                                00000000
RD0                               00000000
RD1                               00000001
RD2                               00000002
RD3                               00000003
RD4                               00000004
RD5                               00000005
RD6                               00000006
RD7                               00000007
RE0                               00000000
RE1                               00000001
RE2                               00000002
READ_WRITE                        00000002
RP0                               00000005
RP1                               00000006
RSEN                              00000001
RX9                               00000006
RX9D                              00000000
R_NOT_W                           00000002
R_W                               00000002
S                                 00000003
MPASM  5.49                         ODEV3.ASM   11-4-2018  17:35:40         PAGE  8


SYMBOL TABLE
  LABEL                             VALUE 

SAYAC                             00000025
SAYI                              00000031
SEN                               00000000
SIFIRLA                           0000001D
SMP                               00000007
SONSUZ                            00000032
SPBRG                             00000099
SPEN                              00000007
SREN                              00000005
SSPADD                            00000093
SSPBUF                            00000013
SSPCON                            00000014
SSPCON2                           00000091
SSPEN                             00000005
SSPIE                             00000003
SSPIF                             00000003
SSPM0                             00000000
SSPM1                             00000001
SSPM2                             00000002
SSPM3                             00000003
SSPOV                             00000006
SSPSTAT                           00000094
STATUS                            00000003
SUPURME                           0000003F
SYNC                              00000004
T0CS                              00000005
T0IE                              00000005
T0IF                              00000002
T0SE                              00000004
T1CKPS0                           00000004
T1CKPS1                           00000005
T1CON                             00000010
T1INSYNC                          00000002
T1OSCEN                           00000003
T1SYNC                            00000002
T2CKPS0                           00000000
T2CKPS1                           00000001
T2CON                             00000012
TABLE                             00000044
TMR0                              00000001
TMR0IE                            00000005
TMR0IF                            00000002
TMR1                              0000000E
TMR1CS                            00000001
TMR1H                             0000000F
TMR1IE                            00000000
TMR1IF                            00000000
TMR1L                             0000000E
TMR1ON                            00000000
TMR2                              00000011
TMR2IE                            00000001
TMR2IF                            00000001
TMR2ON                            00000002
MPASM  5.49                         ODEV3.ASM   11-4-2018  17:35:40         PAGE  9


SYMBOL TABLE
  LABEL                             VALUE 

TOUTPS0                           00000003
TOUTPS1                           00000004
TOUTPS2                           00000005
TOUTPS3                           00000006
TRISA                             00000085
TRISA0                            00000000
TRISA1                            00000001
TRISA2                            00000002
TRISA3                            00000003
TRISA4                            00000004
TRISA5                            00000005
TRISB                             00000086
TRISB0                            00000000
TRISB1                            00000001
TRISB2                            00000002
TRISB3                            00000003
TRISB4                            00000004
TRISB5                            00000005
TRISB6                            00000006
TRISB7                            00000007
TRISC                             00000087
TRISC0                            00000000
TRISC1                            00000001
TRISC2                            00000002
TRISC3                            00000003
TRISC4                            00000004
TRISC5                            00000005
TRISC6                            00000006
TRISC7                            00000007
TRISD                             00000088
TRISD0                            00000000
TRISD1                            00000001
TRISD2                            00000002
TRISD3                            00000003
TRISD4                            00000004
TRISD5                            00000005
TRISD6                            00000006
TRISD7                            00000007
TRISE                             00000089
TRISE0                            00000000
TRISE1                            00000001
TRISE2                            00000002
TRMT                              00000001
TX8_9                             00000006
TX9                               00000006
TX9D                              00000000
TXD8                              00000000
TXEN                              00000005
TXIE                              00000004
TXIF                              00000004
TXREG                             00000019
TXSTA                             00000098
UA                                00000001
MPASM  5.49                         ODEV3.ASM   11-4-2018  17:35:40         PAGE 10


SYMBOL TABLE
  LABEL                             VALUE 

W                                 00000000
WCOL                              00000007
WR                                00000001
WREN                              00000002
WRERR                             00000003
Z                                 00000002
_BODEN_OFF                        00003FBF
_BODEN_ON                         00003FFF
_BOREN_OFF                        00003FBF
_BOREN_ON                         00003FFF
_CONFIG                           00002007
_CPD_OFF                          00003FFF
_CPD_ON                           00003EFF
_CP_ALL                           00001FFF
_CP_OFF                           00003FFF
_CP_ON                            00001FFF
_DEBUG_OFF                        00003FFF
_DEBUG_ON                         000037FF
_DEVID1                           00002006
_FOSC_EXTRC                       00003FFF
_FOSC_HS                          00003FFE
_FOSC_LP                          00003FFC
_FOSC_XT                          00003FFD
_HS_OSC                           00003FFE
_IDLOC0                           00002000
_IDLOC1                           00002001
_IDLOC2                           00002002
_IDLOC3                           00002003
_LP_OSC                           00003FFC
_LVP_OFF                          00003F7F
_LVP_ON                           00003FFF
_PWRTE_OFF                        00003FFF
_PWRTE_ON                         00003FF7
_RC_OSC                           00003FFF
_WDTE_OFF                         00003FFB
_WDTE_ON                          00003FFF
_WDT_OFF                          00003FFB
_WDT_ON                           00003FFF
_WRT_1FOURTH                      00003BFF
_WRT_256                          00003DFF
_WRT_HALF                         000039FF
_WRT_OFF                          00003FFF
_XT_OSC                           00003FFD
__16F877A                         00000001
__DEBUG                           1
MPASM  5.49                         ODEV3.ASM   11-4-2018  17:35:40         PAGE 11


MEMORY USAGE MAP ('X' = Used,  '-' = Unused)


0000 : X---XXXXXXXXXXXX XXXXXXXXXXXXXXXX XXXXXXXXXXXXXXXX XXXXXXXXXXXXXXXX
0040 : XXXXXXXXXXXXXXX- ---------------- ---------------- ----------------
2000 : -------X-------- ---------------- ---------------- ----------------

All other memory blocks unused.

Program Memory Words Used:    76
Program Memory Words Free:  8116


Errors   :     0
Warnings :     6 reported,     0 suppressed
Messages :     6 reported,     0 suppressed

