MPASM  5.51               USART_VERI_ALMA.ASM   12-3-2016  14:51:31         PAGE  1


LOC  OBJECT CODE     LINE SOURCE TEXT
  VALUE

                      00001         LIST P=16F877A
                      00002         #INCLUDE <P16F877A.INC>
                      00001         LIST
                      00002 
                      00003 ;==========================================================================
                      00004 ;  MPASM PIC16F877A processor include
                      00005 ; 
                      00006 ;  (c) Copyright 1999-2013 Microchip Technology, All rights reserved
                      00007 ;==========================================================================
                      00008 
                      00566         LIST
Warning[207]: Found label after column 1. (DEGER)
  00000020            00003         DEGER EQU 0X20 
Warning[207]: Found label after column 1. (TEMP)
  00000021            00004         TEMP EQU 0X21
0000                  00005         ORG 0X00
0000   2805           00006         GOTO MAIN
0004                  00007         ORG 0X04        
0004   2809           00008         GOTO KESME
0005                  00009 MAIN
0005   200E           00010         CALL PORT_AYAR
0006   202E           00011         CALL LCD_AYAR
0007   201A           00012         CALL USART_AYAR
0008                  00013 DON
0008   2808           00014         GOTO DON
                      00015 
0009                  00016 KESME 
0009   1283 1303      00017         BANKSEL RCREG
000B   081A           00018         MOVF RCREG,W
000C   2046           00019         CALL VERI_YAZ
000D   0009           00020         RETFIE
                      00021 
                      00022 
000E                  00023 PORT_AYAR
000E   1683 1303      00024         BANKSEL TRISB   
Message[302]: Register in operand not in bank 0.  Ensure that bank bits are correct.
0010   0186           00025         CLRF TRISB 
0011   1683 1303      00026         BANKSEL TRISC
0013   30FF           00027         MOVLW 0XFF
Message[302]: Register in operand not in bank 0.  Ensure that bank bits are correct.
0014   0087           00028         MOVWF TRISC
0015   1283 1303      00029         BANKSEL PORTB
0017   0186           00030         CLRF PORTB
0018   0187           00031         CLRF PORTC
0019   0008           00032         RETURN
                      00033 
001A                  00034 USART_AYAR
001A   1683 1303      00035         BANKSEL SPBRG
001C   3033           00036         MOVLW B'00110011'
Message[302]: Register in operand not in bank 0.  Ensure that bank bits are correct.
001D   0099           00037         MOVWF SPBRG
                      00038         
001E   1683 1303      00039         BANKSEL TXSTA
MPASM  5.51               USART_VERI_ALMA.ASM   12-3-2016  14:51:31         PAGE  2


LOC  OBJECT CODE     LINE SOURCE TEXT
  VALUE

0020   3004           00040         MOVLW B'00000100'
Message[302]: Register in operand not in bank 0.  Ensure that bank bits are correct.
0021   0098           00041         MOVWF TXSTA
                      00042         
0022   1283 1303      00043         BANKSEL RCSTA
0024   3090           00044         MOVLW B'10010000'
0025   0098           00045         MOVWF RCSTA
                      00046 
0026   1283 1303      00047         BANKSEL INTCON
0028   178B           00048         BSF INTCON,GIE
0029   170B           00049         BSF INTCON,PEIE
                      00050 
002A   1683 1303      00051         BANKSEL PIE1
Message[302]: Register in operand not in bank 0.  Ensure that bank bits are correct.
002C   168C           00052         BSF PIE1,RCIE
002D   0008           00053         RETURN
                      00054 
002E                  00055 LCD_AYAR
002E   3002           00056         MOVLW 0X02
002F   2037           00057         CALL KOMUT_YAZ
0030   3028           00058         MOVLW 0X28      
0031   2037           00059         CALL KOMUT_YAZ
0032   300C           00060         MOVLW 0X0C
0033   2037           00061         CALL KOMUT_YAZ
0034   3080           00062         MOVLW 0X80
0035   2037           00063         CALL KOMUT_YAZ
0036   0008           00064         RETURN
                      00065 
0037                  00066 KOMUT_YAZ
0037   00A1           00067         MOVWF TEMP
0038   0E21           00068         SWAPF TEMP,W
0039   203D           00069         CALL KOMUT_GONDER
003A   0821           00070         MOVF TEMP,W
003B   203D           00071         CALL KOMUT_GONDER
003C   0008           00072         RETURN
003D                  00073 KOMUT_GONDER
003D   390F           00074         ANDLW 0X0F
003E   0086           00075         MOVWF PORTB
003F   1283 1303      00076         BANKSEL PORTB
0041   1206           00077         BCF PORTB,4
0042   1686           00078         BSF PORTB,5
0043   2055           00079         CALL GECIKME
0044   1286           00080         BCF PORTB,5
0045   0008           00081         RETURN
                      00082 
0046                  00083 VERI_YAZ
0046   00A1           00084         MOVWF TEMP
0047   0E21           00085         SWAPF TEMP,W
0048   204C           00086         CALL VERI_GONDER
0049   0821           00087         MOVF TEMP,W
004A   204C           00088         CALL VERI_GONDER
004B   0008           00089         RETURN
004C                  00090 VERI_GONDER
MPASM  5.51               USART_VERI_ALMA.ASM   12-3-2016  14:51:31         PAGE  3


LOC  OBJECT CODE     LINE SOURCE TEXT
  VALUE

004C   390F           00091         ANDLW 0X0F
004D   0086           00092         MOVWF PORTB
004E   1283 1303      00093         BANKSEL PORTB
0050   1606           00094         BSF PORTB,4
0051   1686           00095         BSF PORTB,5
0052   2055           00096         CALL GECIKME
0053   1286           00097         BCF PORTB,5
0054   0008           00098         RETURN
                      00099 
0055                  00100 GECIKME
0055   3040           00101         MOVLW 0X40
0056   00A0           00102         MOVWF DEGER
0057                  00103 DNG2
0057   0BA0           00104         DECFSZ DEGER,F
0058   2857           00105         GOTO DNG2
0059   0008           00106         RETURN
Warning[205]: Found directive in column 1. (END)
                      00107 END
MPASM  5.51               USART_VERI_ALMA.ASM   12-3-2016  14:51:31         PAGE  4


SYMBOL TABLE
  LABEL                             VALUE 

ACKDT                             00000005
ACKEN                             00000004
ACKSTAT                           00000006
ADCON0                            0000001F
ADCON1                            0000009F
ADCS0                             00000006
ADCS1                             00000007
ADCS2                             00000006
ADDEN                             00000003
ADFM                              00000007
ADIE                              00000006
ADIF                              00000006
ADON                              00000000
ADRESH                            0000001E
ADRESL                            0000009E
BCLIE                             00000003
BCLIF                             00000003
BF                                00000000
BRGH                              00000002
C                                 00000000
C1INV                             00000004
C1OUT                             00000006
C2INV                             00000005
C2OUT                             00000007
CCP1CON                           00000017
CCP1IE                            00000002
CCP1IF                            00000002
CCP1M0                            00000000
CCP1M1                            00000001
CCP1M2                            00000002
CCP1M3                            00000003
CCP1X                             00000005
CCP1Y                             00000004
CCP2CON                           0000001D
CCP2IE                            00000000
CCP2IF                            00000000
CCP2M0                            00000000
CCP2M1                            00000001
CCP2M2                            00000002
CCP2M3                            00000003
CCP2X                             00000005
CCP2Y                             00000004
CCPR1                             00000015
CCPR1H                            00000016
CCPR1L                            00000015
CCPR2                             0000001B
CCPR2H                            0000001C
CCPR2L                            0000001B
CHS0                              00000003
CHS1                              00000004
CHS2                              00000005
CIS                               00000003
CKE                               00000006
MPASM  5.51               USART_VERI_ALMA.ASM   12-3-2016  14:51:31         PAGE  5


SYMBOL TABLE
  LABEL                             VALUE 

CKP                               00000004
CM0                               00000000
CM1                               00000001
CM2                               00000002
CMCON                             0000009C
CMIE                              00000006
CMIF                              00000006
CREN                              00000004
CSRC                              00000007
CVR0                              00000000
CVR1                              00000001
CVR2                              00000002
CVR3                              00000003
CVRCON                            0000009D
CVREN                             00000007
CVROE                             00000006
CVRR                              00000005
D                                 00000005
DATA_ADDRESS                      00000005
DC                                00000001
DEGER                             00000020
DNG2                              00000057
DON                               00000008
D_A                               00000005
D_NOT_A                           00000005
EEADR                             0000010D
EEADRH                            0000010F
EECON1                            0000018C
EECON2                            0000018D
EEDATA                            0000010C
EEDATH                            0000010E
EEIE                              00000004
EEIF                              00000004
EEPGD                             00000007
F                                 00000001
FERR                              00000002
FSR                               00000004
GCEN                              00000007
GECIKME                           00000055
GIE                               00000007
GO                                00000002
GO_DONE                           00000002
GO_NOT_DONE                       00000002
I2C_DATA                          00000005
I2C_READ                          00000002
I2C_START                         00000003
I2C_STOP                          00000004
IBF                               00000007
IBOV                              00000005
INDF                              00000000
INTCON                            0000000B
INTE                              00000004
INTEDG                            00000006
MPASM  5.51               USART_VERI_ALMA.ASM   12-3-2016  14:51:31         PAGE  6


SYMBOL TABLE
  LABEL                             VALUE 

INTF                              00000001
IRP                               00000007
KESME                             00000009
KOMUT_GONDER                      0000003D
KOMUT_YAZ                         00000037
LCD_AYAR                          0000002E
MAIN                              00000005
NOT_A                             00000005
NOT_ADDRESS                       00000005
NOT_BO                            00000000
NOT_BOR                           00000000
NOT_DONE                          00000002
NOT_PD                            00000003
NOT_POR                           00000001
NOT_RBPU                          00000007
NOT_RC8                           00000006
NOT_T1SYNC                        00000002
NOT_TO                            00000004
NOT_TX8                           00000006
NOT_W                             00000002
NOT_WRITE                         00000002
OBF                               00000006
OERR                              00000001
OPTION_REG                        00000081
P                                 00000004
PCFG0                             00000000
PCFG1                             00000001
PCFG2                             00000002
PCFG3                             00000003
PCL                               00000002
PCLATH                            0000000A
PCON                              0000008E
PEIE                              00000006
PEN                               00000002
PIE1                              0000008C
PIE2                              0000008D
PIR1                              0000000C
PIR2                              0000000D
PORTA                             00000005
PORTB                             00000006
PORTC                             00000007
PORTD                             00000008
PORTE                             00000009
PORT_AYAR                         0000000E
PR2                               00000092
PS0                               00000000
PS1                               00000001
PS2                               00000002
PSA                               00000003
PSPIE                             00000007
PSPIF                             00000007
PSPMODE                           00000004
R                                 00000002
MPASM  5.51               USART_VERI_ALMA.ASM   12-3-2016  14:51:31         PAGE  7


SYMBOL TABLE
  LABEL                             VALUE 

RA0                               00000000
RA1                               00000001
RA2                               00000002
RA3                               00000003
RA4                               00000004
RA5                               00000005
RB0                               00000000
RB1                               00000001
RB2                               00000002
RB3                               00000003
RB4                               00000004
RB5                               00000005
RB6                               00000006
RB7                               00000007
RBIE                              00000003
RBIF                              00000000
RC0                               00000000
RC1                               00000001
RC2                               00000002
RC3                               00000003
RC4                               00000004
RC5                               00000005
RC6                               00000006
RC7                               00000007
RC8_9                             00000006
RC9                               00000006
RCD8                              00000000
RCEN                              00000003
RCIE                              00000005
RCIF                              00000005
RCREG                             0000001A
RCSTA                             00000018
RD                                00000000
RD0                               00000000
RD1                               00000001
RD2                               00000002
RD3                               00000003
RD4                               00000004
RD5                               00000005
RD6                               00000006
RD7                               00000007
RE0                               00000000
RE1                               00000001
RE2                               00000002
READ_WRITE                        00000002
RP0                               00000005
RP1                               00000006
RSEN                              00000001
RX9                               00000006
RX9D                              00000000
R_NOT_W                           00000002
R_W                               00000002
S                                 00000003
MPASM  5.51               USART_VERI_ALMA.ASM   12-3-2016  14:51:31         PAGE  8


SYMBOL TABLE
  LABEL                             VALUE 

SEN                               00000000
SMP                               00000007
SPBRG                             00000099
SPEN                              00000007
SREN                              00000005
SSPADD                            00000093
SSPBUF                            00000013
SSPCON                            00000014
SSPCON2                           00000091
SSPEN                             00000005
SSPIE                             00000003
SSPIF                             00000003
SSPM0                             00000000
SSPM1                             00000001
SSPM2                             00000002
SSPM3                             00000003
SSPOV                             00000006
SSPSTAT                           00000094
STATUS                            00000003
SYNC                              00000004
T0CS                              00000005
T0IE                              00000005
T0IF                              00000002
T0SE                              00000004
T1CKPS0                           00000004
T1CKPS1                           00000005
T1CON                             00000010
T1INSYNC                          00000002
T1OSCEN                           00000003
T1SYNC                            00000002
T2CKPS0                           00000000
T2CKPS1                           00000001
T2CON                             00000012
TEMP                              00000021
TMR0                              00000001
TMR0IE                            00000005
TMR0IF                            00000002
TMR1                              0000000E
TMR1CS                            00000001
TMR1H                             0000000F
TMR1IE                            00000000
TMR1IF                            00000000
TMR1L                             0000000E
TMR1ON                            00000000
TMR2                              00000011
TMR2IE                            00000001
TMR2IF                            00000001
TMR2ON                            00000002
TOUTPS0                           00000003
TOUTPS1                           00000004
TOUTPS2                           00000005
TOUTPS3                           00000006
TRISA                             00000085
MPASM  5.51               USART_VERI_ALMA.ASM   12-3-2016  14:51:31         PAGE  9


SYMBOL TABLE
  LABEL                             VALUE 

TRISA0                            00000000
TRISA1                            00000001
TRISA2                            00000002
TRISA3                            00000003
TRISA4                            00000004
TRISA5                            00000005
TRISB                             00000086
TRISB0                            00000000
TRISB1                            00000001
TRISB2                            00000002
TRISB3                            00000003
TRISB4                            00000004
TRISB5                            00000005
TRISB6                            00000006
TRISB7                            00000007
TRISC                             00000087
TRISC0                            00000000
TRISC1                            00000001
TRISC2                            00000002
TRISC3                            00000003
TRISC4                            00000004
TRISC5                            00000005
TRISC6                            00000006
TRISC7                            00000007
TRISD                             00000088
TRISD0                            00000000
TRISD1                            00000001
TRISD2                            00000002
TRISD3                            00000003
TRISD4                            00000004
TRISD5                            00000005
TRISD6                            00000006
TRISD7                            00000007
TRISE                             00000089
TRISE0                            00000000
TRISE1                            00000001
TRISE2                            00000002
TRMT                              00000001
TX8_9                             00000006
TX9                               00000006
TX9D                              00000000
TXD8                              00000000
TXEN                              00000005
TXIE                              00000004
TXIF                              00000004
TXREG                             00000019
TXSTA                             00000098
UA                                00000001
USART_AYAR                        0000001A
VERI_GONDER                       0000004C
VERI_YAZ                          00000046
W                                 00000000
WCOL                              00000007
MPASM  5.51               USART_VERI_ALMA.ASM   12-3-2016  14:51:31         PAGE 10


SYMBOL TABLE
  LABEL                             VALUE 

WR                                00000001
WREN                              00000002
WRERR                             00000003
Z                                 00000002
_BODEN_OFF                        00003FBF
_BODEN_ON                         00003FFF
_BOREN_OFF                        00003FBF
_BOREN_ON                         00003FFF
_CONFIG                           00002007
_CPD_OFF                          00003FFF
_CPD_ON                           00003EFF
_CP_ALL                           00001FFF
_CP_OFF                           00003FFF
_CP_ON                            00001FFF
_DEBUG_OFF                        00003FFF
_DEBUG_ON                         000037FF
_DEVID1                           00002006
_FOSC_EXTRC                       00003FFF
_FOSC_HS                          00003FFE
_FOSC_LP                          00003FFC
_FOSC_XT                          00003FFD
_HS_OSC                           00003FFE
_IDLOC0                           00002000
_IDLOC1                           00002001
_IDLOC2                           00002002
_IDLOC3                           00002003
_LP_OSC                           00003FFC
_LVP_OFF                          00003F7F
_LVP_ON                           00003FFF
_PWRTE_OFF                        00003FFF
_PWRTE_ON                         00003FF7
_RC_OSC                           00003FFF
_WDTE_OFF                         00003FFB
_WDTE_ON                          00003FFF
_WDT_OFF                          00003FFB
_WDT_ON                           00003FFF
_WRT_1FOURTH                      00003BFF
_WRT_256                          00003DFF
_WRT_HALF                         000039FF
_WRT_OFF                          00003FFF
_XT_OSC                           00003FFD
__16F877A                         00000001
__DEBUG                           1
MPASM  5.51               USART_VERI_ALMA.ASM   12-3-2016  14:51:31         PAGE 11


MEMORY USAGE MAP ('X' = Used,  '-' = Unused)


0000 : X---XXXXXXXXXXXX XXXXXXXXXXXXXXXX XXXXXXXXXXXXXXXX XXXXXXXXXXXXXXXX
0040 : XXXXXXXXXXXXXXXX XXXXXXXXXX------ ---------------- ----------------

All other memory blocks unused.

Program Memory Words Used:    87
Program Memory Words Free:  8105


Errors   :     0
Warnings :     3 reported,     0 suppressed
Messages :     5 reported,     0 suppressed

