MPASM  5.51                        EEPROM.ASM   12-17-2015  18:09:26         PAGE  1


LOC  OBJECT CODE     LINE SOURCE TEXT
  VALUE

                      00001 #INCLUDE <P16F877.INC>
                      00001         LIST
                      00002 
                      00003 ;==========================================================================
                      00004 ;  MPASM PIC16F877 processor include
                      00005 ; 
                      00006 ;  (c) Copyright 1999-2013 Microchip Technology, All rights reserved
                      00007 ;==========================================================================
                      00008 
                      00540         LIST
  00000021            00002 ADRES_SAYAC             EQU             0X21
  00000022            00003 SAYAC_GECIK1    EQU             0X22
  00000023            00004 SAYAC_GECIK2    EQU             0X23
  00000024            00005 GELEN_DATA              EQU             0X24
  00000025            00006 LCD_DATA                EQU             0X25
Warning[205]: Found directive in column 1. (ORG)
0000                  00007 ORG             0X00
Warning[203]: Found opcode in column 1. (GOTO)
0000   283F           00008 GOTO    ANA_PROGRAM
                      00009 
0001                  00010 EEPROM_ADRES
0001   1283 1703      00011         BANKSEL         EEADR
Message[302]: Register in operand not in bank 0.  Ensure that bank bits are correct.
0003   008D           00012         MOVWF           EEADR           
0004   1283 1303      00013         BANKSEL         0x00
0006   0008           00014         RETURN
                      00015 
0007                  00016 EEPROM_OKU
0007   1683 1703      00017         BANKSEL         EECON1                  
Message[302]: Register in operand not in bank 0.  Ensure that bank bits are correct.
0009   140C           00018         BSF                     EECON1,RD
000A   1283 1703      00019         BANKSEL         EEDATA          
Message[302]: Register in operand not in bank 0.  Ensure that bank bits are correct.
000C   080C           00020         MOVF            EEDATA,W                
000D   1283 1303      00021         BANKSEL         0X00
000F   0008           00022         RETURN
                      00023 
0010                  00024 EEPROM_YAZ
0010   1283 1703      00025         BANKSEL         EEADR
Message[302]: Register in operand not in bank 0.  Ensure that bank bits are correct.
0012   008C           00026         MOVWF           EEDATA
                      00027 
0013   1683 1703      00028         BANKSEL         EECON1
Message[302]: Register in operand not in bank 0.  Ensure that bank bits are correct.
0015   150C           00029         BSF                     EECON1,WREN     
                      00030 
0016   138B           00031         BCF                     INTCON,GIE
0017   3055           00032         MOVLW           0X55    
Message[302]: Register in operand not in bank 0.  Ensure that bank bits are correct.
0018   008D           00033         MOVWF           EECON2  
0019   30AA           00034         MOVLW           0XAA    
Message[302]: Register in operand not in bank 0.  Ensure that bank bits are correct.
001A   008D           00035         MOVWF           EECON2  
MPASM  5.51                        EEPROM.ASM   12-17-2015  18:09:26         PAGE  2


LOC  OBJECT CODE     LINE SOURCE TEXT
  VALUE

                      00036 
Message[302]: Register in operand not in bank 0.  Ensure that bank bits are correct.
001B   148C           00037         BSF                     EECON1,WR
001C   178B           00038         BSF                     INTCON,GIE
                      00039 
Message[302]: Register in operand not in bank 0.  Ensure that bank bits are correct.
001D   188C           00040         BTFSC           EECON1,WR       
001E   281D           00041         GOTO            $-1     
                      00042                 
Message[302]: Register in operand not in bank 0.  Ensure that bank bits are correct.
001F   110C           00043         BCF                     EECON1,WREN             
0020   1283 1303      00044         BANKSEL         0X00                    
0022   0008           00045         RETURN
                      00046 
0023                  00047 YAZDIR
0023   0821           00048         MOVF            ADRES_SAYAC,W
0024   2001           00049         CALL            EEPROM_ADRES
0025   0821           00050         MOVF            ADRES_SAYAC,W
0026   2088           00051         CALL            SATIR1
0027   3A00           00052         XORLW           0X00
0028   1903           00053         BTFSC           STATUS,Z
0029   0008           00054         RETURN
002A   2010           00055         CALL            EEPROM_YAZ
002B   0AA1           00056         INCF            ADRES_SAYAC,1
002C   2823           00057         GOTO            YAZDIR
002D                  00058 ILK_SATIR
002D   0821           00059         MOVF            ADRES_SAYAC,W
002E   2001           00060         CALL            EEPROM_ADRES
002F   2007           00061         CALL            EEPROM_OKU
0030   1A21           00062         BTFSC           ADRES_SAYAC,4
0031   2835           00063         GOTO            IKINCI_SATIR
0032   2061           00064         CALL            VERI_YAZ
0033   0AA1           00065         INCF            ADRES_SAYAC,1
0034   282D           00066         GOTO            ILK_SATIR
0035                  00067 IKINCI_SATIR
0035   2076           00068         CALL            LCD_2SATIR
0036                  00069 MESAJ
0036   0821           00070         MOVF            ADRES_SAYAC,W
0037   2001           00071         CALL            EEPROM_ADRES
0038   2007           00072         CALL            EEPROM_OKU
0039   1AA1           00073         BTFSC           ADRES_SAYAC,5
003A   283E           00074         GOTO            ENDMESAJ
003B   2061           00075         CALL            VERI_YAZ
003C   0AA1           00076         INCF            ADRES_SAYAC,1
003D   2836           00077         GOTO            MESAJ
003E                  00078 ENDMESAJ
003E   283E           00079         GOTO            ENDMESAJ        
003F                  00080 ANA_PROGRAM
003F   1683 1303      00081         BANKSEL TRISB
Message[302]: Register in operand not in bank 0.  Ensure that bank bits are correct.
0041   0186           00082         CLRF    TRISB
0042   2046           00083         CALL    LCD_INIT
0043   2023           00084         CALL    YAZDIR
MPASM  5.51                        EEPROM.ASM   12-17-2015  18:09:26         PAGE  3


LOC  OBJECT CODE     LINE SOURCE TEXT
  VALUE

0044   01A1           00085         CLRF    ADRES_SAYAC
0045   202D           00086         CALL    ILK_SATIR
                      00087         
0046                  00088 LCD_INIT                                                        
0046   3002           00089         MOVLW   H'02'                           
0047   204F           00090         CALL    KOMUT_YAZ                               
0048   3006           00091         MOVLW   H'06'                           
0049   204F           00092         CALL    KOMUT_YAZ                       
004A   3028           00093         MOVLW   0X28                             
004B   204F           00094         CALL    KOMUT_YAZ                       
004C   300C           00095         MOVLW   H'0C'                           
004D   204F           00096         CALL    KOMUT_YAZ                       
004E   0008           00097         RETURN
004F                  00098 KOMUT_YAZ       
004F   1283 1303      00099         BANKSEL PORTB                                           
0051   00A5           00100         MOVWF   LCD_DATA                                
0052   0E25           00101         SWAPF   LCD_DATA,W                              
0053   2057           00102         CALL    KOMUT_GONDER            
0054   0825           00103         MOVF    LCD_DATA,W                      
0055   2057           00104         CALL    KOMUT_GONDER                    
0056   0008           00105         RETURN
                      00106 
0057                  00107 KOMUT_GONDER
0057   1283 1303      00108         BANKSEL PORTB                                           
0059   390F           00109         ANDLW   0X0F                                    
005A   0086           00110         MOVWF   PORTB                           
005B   1283 1303      00111         BANKSEL PORTB                                   
005D   1206           00112         BCF             PORTB,4                         
005E   207F           00113         CALL    GECIKME                 
005F   2073           00114         CALL    E_PULSE                 
0060   0008           00115         RETURN
                      00116 
0061                  00117 VERI_YAZ
0061   1283 1303      00118         BANKSEL PORTB
0063   00A5           00119         MOVWF   LCD_DATA                         
0064   0E25           00120         SWAPF   LCD_DATA,W                              
0065   2069           00121         CALL    VERI_GONDER                     
0066   0825           00122         MOVF    LCD_DATA,W                      
0067   2069           00123         CALL    VERI_GONDER                             
0068   0008           00124         RETURN
                      00125 
0069                  00126 VERI_GONDER
0069   1283 1303      00127         BANKSEL PORTB
006B   390F           00128         ANDLW   0X0F                                    
006C   0086           00129         MOVWF   PORTB                                   
006D   1283 1303      00130         BANKSEL PORTB                           
006F   1606           00131         BSF             PORTB,4                         
0070   207F           00132         CALL    GECIKME                         
0071   2073           00133         CALL    E_PULSE                         
0072   0008           00134         RETURN
                      00135 
0073                  00136 E_PULSE                                                 
0073   1686           00137         BSF             PORTB,5                         
MPASM  5.51                        EEPROM.ASM   12-17-2015  18:09:26         PAGE  4


LOC  OBJECT CODE     LINE SOURCE TEXT
  VALUE

0074   1286           00138         BCF             PORTB,5                         
0075   0008           00139         RETURN
                      00140 
0076                  00141 LCD_2SATIR                                                      
0076   30C0           00142         MOVLW   0XC0                                    
0077   204F           00143         CALL    KOMUT_YAZ
0078   0008           00144         RETURN
                      00145 
0079                  00146 LCD_1SATIRW                                             
0079   3E80           00147         ADDLW           0X80                                    
007A   204F           00148         CALL            KOMUT_YAZ                                
007B   0008           00149         RETURN
                      00150 
007C                  00151 LCD_2SATIRW                                                     
007C   3EC0           00152         ADDLW           0XC0                                    
007D   204F           00153         CALL            KOMUT_YAZ                               
007E   0008           00154         RETURN
007F                  00155 GECIKME
007F   3020           00156         MOVLW   H'20'
0080   00A2           00157         MOVWF   SAYAC_GECIK1
0081                  00158 DONGU1
0081   3020           00159         MOVLW   H'20'
0082   00A3           00160         MOVWF   SAYAC_GECIK2
0083                  00161 DONGU2
0083   0BA3           00162         DECFSZ  SAYAC_GECIK2,F
0084   2883           00163         GOTO    DONGU2
0085   0BA2           00164         DECFSZ  SAYAC_GECIK1,F
0086   2881           00165         GOTO    DONGU1
0087   0008           00166         RETURN
0088                  00167 SATIR1
0088   0782           00168         ADDWF           PCL,F
0089   345A           00169         RETLW           'Z'
008A   3449           00170         RETLW           'I'
008B   3459           00171         RETLW           'Y'
008C   3441           00172         RETLW           'A'
008D   3420           00173         RETLW           ' '
008E   344F           00174         RETLW           'O'
008F   345A           00175         RETLW           'Z'
0090   3443           00176         RETLW           'C'
0091   3445           00177         RETLW           'E'
0092   344C           00178         RETLW           'L'
0093   3449           00179         RETLW           'I'
0094   344B           00180         RETLW           'K'
0095   3420           00181         RETLW           ' '
0096   3420           00182         RETLW           ' '
0097   3420           00183         RETLW           ' '
0098   3420           00184         RETLW           ' '
0099   3442           00185         RETLW           'B'
009A   3449           00186         RETLW           'I'
009B   344C           00187         RETLW           'L'
009C   3447           00188         RETLW           'G'
009D   3449           00189         RETLW           'I'
009E   3453           00190         RETLW           'S'
MPASM  5.51                        EEPROM.ASM   12-17-2015  18:09:26         PAGE  5


LOC  OBJECT CODE     LINE SOURCE TEXT
  VALUE

009F   3441           00191         RETLW           'A'
00A0   3459           00192         RETLW           'Y'
00A1   3441           00193         RETLW           'A'
00A2   3452           00194         RETLW           'R'
00A3   3420           00195         RETLW           ' '
00A4   344D           00196         RETLW           'M'
00A5   3455           00197         RETLW           'U'
00A6   3448           00198         RETLW           'H'
00A7   342E           00199         RETLW           '.'
00A8   342E           00200         RETLW           '.'
00A9   3400           00201         RETLW           0X00            
Warning[205]: Found directive in column 1. (END)
                      00202 END
MPASM  5.51                        EEPROM.ASM   12-17-2015  18:09:26         PAGE  6


SYMBOL TABLE
  LABEL                             VALUE 

ACKDT                             00000005
ACKEN                             00000004
ACKSTAT                           00000006
ADCON0                            0000001F
ADCON1                            0000009F
ADCS0                             00000006
ADCS1                             00000007
ADDEN                             00000003
ADFM                              00000007
ADIE                              00000006
ADIF                              00000006
ADON                              00000000
ADRESH                            0000001E
ADRESL                            0000009E
ADRES_SAYAC                       00000021
ANA_PROGRAM                       0000003F
BCLIE                             00000003
BCLIF                             00000003
BF                                00000000
BRGH                              00000002
C                                 00000000
CCP1CON                           00000017
CCP1IE                            00000002
CCP1IF                            00000002
CCP1M0                            00000000
CCP1M1                            00000001
CCP1M2                            00000002
CCP1M3                            00000003
CCP1X                             00000005
CCP1Y                             00000004
CCP2CON                           0000001D
CCP2IE                            00000000
CCP2IF                            00000000
CCP2M0                            00000000
CCP2M1                            00000001
CCP2M2                            00000002
CCP2M3                            00000003
CCP2X                             00000005
CCP2Y                             00000004
CCPR1                             00000015
CCPR1H                            00000016
CCPR1L                            00000015
CCPR2                             0000001B
CCPR2H                            0000001C
CCPR2L                            0000001B
CHS0                              00000003
CHS1                              00000004
CHS2                              00000005
CKE                               00000006
CKP                               00000004
CREN                              00000004
CSRC                              00000007
D                                 00000005
MPASM  5.51                        EEPROM.ASM   12-17-2015  18:09:26         PAGE  7


SYMBOL TABLE
  LABEL                             VALUE 

DATA_ADDRESS                      00000005
DC                                00000001
DONGU1                            00000081
DONGU2                            00000083
D_A                               00000005
D_NOT_A                           00000005
EEADR                             0000010D
EEADRH                            0000010F
EECON1                            0000018C
EECON2                            0000018D
EEDATA                            0000010C
EEDATH                            0000010E
EEIE                              00000004
EEIF                              00000004
EEPGD                             00000007
EEPROM_ADRES                      00000001
EEPROM_OKU                        00000007
EEPROM_YAZ                        00000010
ENDMESAJ                          0000003E
E_PULSE                           00000073
F                                 00000001
FERR                              00000002
FSR                               00000004
GCEN                              00000007
GECIKME                           0000007F
GELEN_DATA                        00000024
GIE                               00000007
GO                                00000002
GO_DONE                           00000002
GO_NOT_DONE                       00000002
I2C_DATA                          00000005
I2C_READ                          00000002
I2C_START                         00000003
I2C_STOP                          00000004
IBF                               00000007
IBOV                              00000005
IKINCI_SATIR                      00000035
ILK_SATIR                         0000002D
INDF                              00000000
INTCON                            0000000B
INTE                              00000004
INTEDG                            00000006
INTF                              00000001
IRP                               00000007
KOMUT_GONDER                      00000057
KOMUT_YAZ                         0000004F
LCD_1SATIRW                       00000079
LCD_2SATIR                        00000076
LCD_2SATIRW                       0000007C
LCD_DATA                          00000025
LCD_INIT                          00000046
MESAJ                             00000036
NOT_A                             00000005
MPASM  5.51                        EEPROM.ASM   12-17-2015  18:09:26         PAGE  8


SYMBOL TABLE
  LABEL                             VALUE 

NOT_ADDRESS                       00000005
NOT_BO                            00000000
NOT_BOR                           00000000
NOT_DONE                          00000002
NOT_PD                            00000003
NOT_POR                           00000001
NOT_RBPU                          00000007
NOT_RC8                           00000006
NOT_T1SYNC                        00000002
NOT_TO                            00000004
NOT_TX8                           00000006
NOT_W                             00000002
NOT_WRITE                         00000002
OBF                               00000006
OERR                              00000001
OPTION_REG                        00000081
P                                 00000004
PCFG0                             00000000
PCFG1                             00000001
PCFG2                             00000002
PCFG3                             00000003
PCL                               00000002
PCLATH                            0000000A
PCON                              0000008E
PEIE                              00000006
PEN                               00000002
PIE1                              0000008C
PIE2                              0000008D
PIR1                              0000000C
PIR2                              0000000D
PORTA                             00000005
PORTB                             00000006
PORTC                             00000007
PORTD                             00000008
PORTE                             00000009
PR2                               00000092
PS0                               00000000
PS1                               00000001
PS2                               00000002
PSA                               00000003
PSPIE                             00000007
PSPIF                             00000007
PSPMODE                           00000004
R                                 00000002
RA0                               00000000
RA1                               00000001
RA2                               00000002
RA3                               00000003
RA4                               00000004
RA5                               00000005
RB0                               00000000
RB1                               00000001
RB2                               00000002
MPASM  5.51                        EEPROM.ASM   12-17-2015  18:09:26         PAGE  9


SYMBOL TABLE
  LABEL                             VALUE 

RB3                               00000003
RB4                               00000004
RB5                               00000005
RB6                               00000006
RB7                               00000007
RBIE                              00000003
RBIF                              00000000
RC0                               00000000
RC1                               00000001
RC2                               00000002
RC3                               00000003
RC4                               00000004
RC5                               00000005
RC6                               00000006
RC7                               00000007
RC8_9                             00000006
RC9                               00000006
RCD8                              00000000
RCEN                              00000003
RCIE                              00000005
RCIF                              00000005
RCREG                             0000001A
RCSTA                             00000018
RD                                00000000
RD0                               00000000
RD1                               00000001
RD2                               00000002
RD3                               00000003
RD4                               00000004
RD5                               00000005
RD6                               00000006
RD7                               00000007
RE0                               00000000
RE1                               00000001
RE2                               00000002
READ_WRITE                        00000002
RP0                               00000005
RP1                               00000006
RSEN                              00000001
RX9                               00000006
RX9D                              00000000
R_NOT_W                           00000002
R_W                               00000002
S                                 00000003
SATIR1                            00000088
SAYAC_GECIK1                      00000022
SAYAC_GECIK2                      00000023
SEN                               00000000
SMP                               00000007
SPBRG                             00000099
SPEN                              00000007
SREN                              00000005
SSPADD                            00000093
MPASM  5.51                        EEPROM.ASM   12-17-2015  18:09:26         PAGE 10


SYMBOL TABLE
  LABEL                             VALUE 

SSPBUF                            00000013
SSPCON                            00000014
SSPCON2                           00000091
SSPEN                             00000005
SSPIE                             00000003
SSPIF                             00000003
SSPM0                             00000000
SSPM1                             00000001
SSPM2                             00000002
SSPM3                             00000003
SSPOV                             00000006
SSPSTAT                           00000094
STATUS                            00000003
SYNC                              00000004
T0CS                              00000005
T0IE                              00000005
T0IF                              00000002
T0SE                              00000004
T1CKPS0                           00000004
T1CKPS1                           00000005
T1CON                             00000010
T1INSYNC                          00000002
T1OSCEN                           00000003
T1SYNC                            00000002
T2CKPS0                           00000000
T2CKPS1                           00000001
T2CON                             00000012
TMR0                              00000001
TMR0IE                            00000005
TMR0IF                            00000002
TMR1                              0000000E
TMR1CS                            00000001
TMR1H                             0000000F
TMR1IE                            00000000
TMR1IF                            00000000
TMR1L                             0000000E
TMR1ON                            00000000
TMR2                              00000011
TMR2IE                            00000001
TMR2IF                            00000001
TMR2ON                            00000002
TOUTPS0                           00000003
TOUTPS1                           00000004
TOUTPS2                           00000005
TOUTPS3                           00000006
TRISA                             00000085
TRISA0                            00000000
TRISA1                            00000001
TRISA2                            00000002
TRISA3                            00000003
TRISA4                            00000004
TRISA5                            00000005
TRISB                             00000086
MPASM  5.51                        EEPROM.ASM   12-17-2015  18:09:26         PAGE 11


SYMBOL TABLE
  LABEL                             VALUE 

TRISB0                            00000000
TRISB1                            00000001
TRISB2                            00000002
TRISB3                            00000003
TRISB4                            00000004
TRISB5                            00000005
TRISB6                            00000006
TRISB7                            00000007
TRISC                             00000087
TRISC0                            00000000
TRISC1                            00000001
TRISC2                            00000002
TRISC3                            00000003
TRISC4                            00000004
TRISC5                            00000005
TRISC6                            00000006
TRISC7                            00000007
TRISD                             00000088
TRISD0                            00000000
TRISD1                            00000001
TRISD2                            00000002
TRISD3                            00000003
TRISD4                            00000004
TRISD5                            00000005
TRISD6                            00000006
TRISD7                            00000007
TRISE                             00000089
TRISE0                            00000000
TRISE1                            00000001
TRISE2                            00000002
TRMT                              00000001
TX8_9                             00000006
TX9                               00000006
TX9D                              00000000
TXD8                              00000000
TXEN                              00000005
TXIE                              00000004
TXIF                              00000004
TXREG                             00000019
TXSTA                             00000098
UA                                00000001
VERI_GONDER                       00000069
VERI_YAZ                          00000061
W                                 00000000
WCOL                              00000007
WR                                00000001
WREN                              00000002
WRERR                             00000003
YAZDIR                            00000023
Z                                 00000002
_BODEN_OFF                        00003FBF
_BODEN_ON                         00003FFF
_BOREN_OFF                        00003FBF
MPASM  5.51                        EEPROM.ASM   12-17-2015  18:09:26         PAGE 12


SYMBOL TABLE
  LABEL                             VALUE 

_BOREN_ON                         00003FFF
_CONFIG                           00002007
_CPD_OFF                          00003FFF
_CPD_ON                           00003EFF
_CP_ALL                           00000FCF
_CP_HALF                          00001FDF
_CP_OFF                           00003FFF
_CP_UPPER_256                     00002FEF
_DEBUG_OFF                        00003FFF
_DEBUG_ON                         000037FF
_DEVID1                           00002006
_FOSC_EXTRC                       00003FFF
_FOSC_HS                          00003FFE
_FOSC_LP                          00003FFC
_FOSC_XT                          00003FFD
_HS_OSC                           00003FFE
_IDLOC0                           00002000
_IDLOC1                           00002001
_IDLOC2                           00002002
_IDLOC3                           00002003
_LP_OSC                           00003FFC
_LVP_OFF                          00003F7F
_LVP_ON                           00003FFF
_PWRTE_OFF                        00003FFF
_PWRTE_ON                         00003FF7
_RC_OSC                           00003FFF
_WDTE_OFF                         00003FFB
_WDTE_ON                          00003FFF
_WDT_OFF                          00003FFB
_WDT_ON                           00003FFF
_WRT_ENABLE_OFF                   00003DFF
_WRT_ENABLE_ON                    00003FFF
_WRT_OFF                          00003DFF
_WRT_ON                           00003FFF
_XT_OSC                           00003FFD
__16F877                          00000001
__DEBUG                           1


MEMORY USAGE MAP ('X' = Used,  '-' = Unused)

0000 : XXXXXXXXXXXXXXXX XXXXXXXXXXXXXXXX XXXXXXXXXXXXXXXX XXXXXXXXXXXXXXXX
0040 : XXXXXXXXXXXXXXXX XXXXXXXXXXXXXXXX XXXXXXXXXXXXXXXX XXXXXXXXXXXXXXXX
0080 : XXXXXXXXXXXXXXXX XXXXXXXXXXXXXXXX XXXXXXXXXX------ ----------------

All other memory blocks unused.

Program Memory Words Used:   170
Program Memory Words Free:  8022


MPASM  5.51                        EEPROM.ASM   12-17-2015  18:09:26         PAGE 13





Errors   :     0
Warnings :     3 reported,     0 suppressed
Messages :    11 reported,     0 suppressed

