Warning[205] C:\USERS\MAKRO\DESKTOP\WORKSTATION\0-9SAYICI\DESIMALSAYICI.ASM 1 : Found directive in column 1. (LIST)
Warning[205] C:\USERS\MAKRO\DESKTOP\WORKSTATION\0-9SAYICI\DESIMALSAYICI.ASM 6 : Found directive in column 1. (ORG)
Warning[203] C:\USERS\MAKRO\DESKTOP\WORKSTATION\0-9SAYICI\DESIMALSAYICI.ASM 7 : Found opcode in column 1. (GOTO)
Warning[205] C:\USERS\MAKRO\DESKTOP\WORKSTATION\0-9SAYICI\DESIMALSAYICI.ASM 10 : Found directive in column 1. (BANKSEL)
Warning[203] C:\USERS\MAKRO\DESKTOP\WORKSTATION\0-9SAYICI\DESIMALSAYICI.ASM 11 : Found opcode in column 1. (MOVLW)
Warning[203] C:\USERS\MAKRO\DESKTOP\WORKSTATION\0-9SAYICI\DESIMALSAYICI.ASM 12 : Found opcode in column 1. (MOVWF)
Message[302] C:\USERS\MAKRO\DESKTOP\WORKSTATION\0-9SAYICI\DESIMALSAYICI.ASM 12 : Register in operand not in bank 0.  Ensure that bank bits are correct.
Warning[205] C:\USERS\MAKRO\DESKTOP\WORKSTATION\0-9SAYICI\DESIMALSAYICI.ASM 14 : Found directive in column 1. (BANKSEL)
Warning[203] C:\USERS\MAKRO\DESKTOP\WORKSTATION\0-9SAYICI\DESIMALSAYICI.ASM 15 : Found opcode in column 1. (MOVLW)
Warning[203] C:\USERS\MAKRO\DESKTOP\WORKSTATION\0-9SAYICI\DESIMALSAYICI.ASM 16 : Found opcode in column 1. (MOVWF)
Message[302] C:\USERS\MAKRO\DESKTOP\WORKSTATION\0-9SAYICI\DESIMALSAYICI.ASM 16 : Register in operand not in bank 0.  Ensure that bank bits are correct.
Warning[203] C:\USERS\MAKRO\DESKTOP\WORKSTATION\0-9SAYICI\DESIMALSAYICI.ASM 17 : Found opcode in column 1. (CLRF)
Message[302] C:\USERS\MAKRO\DESKTOP\WORKSTATION\0-9SAYICI\DESIMALSAYICI.ASM 17 : Register in operand not in bank 0.  Ensure that bank bits are correct.
Warning[205] C:\USERS\MAKRO\DESKTOP\WORKSTATION\0-9SAYICI\DESIMALSAYICI.ASM 19 : Found directive in column 1. (BANKSEL)
Warning[203] C:\USERS\MAKRO\DESKTOP\WORKSTATION\0-9SAYICI\DESIMALSAYICI.ASM 20 : Found opcode in column 1. (CLRF)
Warning[203] C:\USERS\MAKRO\DESKTOP\WORKSTATION\0-9SAYICI\DESIMALSAYICI.ASM 21 : Found opcode in column 1. (MOVLW)
Warning[203] C:\USERS\MAKRO\DESKTOP\WORKSTATION\0-9SAYICI\DESIMALSAYICI.ASM 22 : Found opcode in column 1. (MOVWF)
Warning[203] C:\USERS\MAKRO\DESKTOP\WORKSTATION\0-9SAYICI\DESIMALSAYICI.ASM 25 : Found opcode in column 1. (BTFSC)
Warning[203] C:\USERS\MAKRO\DESKTOP\WORKSTATION\0-9SAYICI\DESIMALSAYICI.ASM 26 : Found opcode in column 1. (GOTO)
Warning[203] C:\USERS\MAKRO\DESKTOP\WORKSTATION\0-9SAYICI\DESIMALSAYICI.ASM 27 : Found opcode in column 1. (GOTO)
Warning[203] C:\USERS\MAKRO\DESKTOP\WORKSTATION\0-9SAYICI\DESIMALSAYICI.ASM 31 : Found opcode in column 1. (DECFSZ)
Warning[203] C:\USERS\MAKRO\DESKTOP\WORKSTATION\0-9SAYICI\DESIMALSAYICI.ASM 32 : Found opcode in column 1. (GOTO)
Warning[203] C:\USERS\MAKRO\DESKTOP\WORKSTATION\0-9SAYICI\DESIMALSAYICI.ASM 33 : Found opcode in column 1. (GOTO)
Warning[203] C:\USERS\MAKRO\DESKTOP\WORKSTATION\0-9SAYICI\DESIMALSAYICI.ASM 37 : Found opcode in column 1. (MOVLW)
Warning[203] C:\USERS\MAKRO\DESKTOP\WORKSTATION\0-9SAYICI\DESIMALSAYICI.ASM 38 : Found opcode in column 1. (MOVWF)
Warning[203] C:\USERS\MAKRO\DESKTOP\WORKSTATION\0-9SAYICI\DESIMALSAYICI.ASM 39 : Found opcode in column 1. (MOVLW)
Warning[203] C:\USERS\MAKRO\DESKTOP\WORKSTATION\0-9SAYICI\DESIMALSAYICI.ASM 40 : Found opcode in column 1. (MOVWF)
Warning[203] C:\USERS\MAKRO\DESKTOP\WORKSTATION\0-9SAYICI\DESIMALSAYICI.ASM 41 : Found opcode in column 1. (GOTO)
Warning[203] C:\USERS\MAKRO\DESKTOP\WORKSTATION\0-9SAYICI\DESIMALSAYICI.ASM 45 : Found opcode in column 1. (MOVF)
Warning[203] C:\USERS\MAKRO\DESKTOP\WORKSTATION\0-9SAYICI\DESIMALSAYICI.ASM 46 : Found opcode in column 1. (MOVWF)
Warning[203] C:\USERS\MAKRO\DESKTOP\WORKSTATION\0-9SAYICI\DESIMALSAYICI.ASM 47 : Found opcode in column 1. (GOTO)
Warning[203] C:\USERS\MAKRO\DESKTOP\WORKSTATION\0-9SAYICI\DESIMALSAYICI.ASM 51 : Found opcode in column 1. (BTFSS)
Warning[203] C:\USERS\MAKRO\DESKTOP\WORKSTATION\0-9SAYICI\DESIMALSAYICI.ASM 52 : Found opcode in column 1. (GOTO)
Warning[203] C:\USERS\MAKRO\DESKTOP\WORKSTATION\0-9SAYICI\DESIMALSAYICI.ASM 53 : Found opcode in column 1. (GOTO)
Warning[205] C:\USERS\MAKRO\DESKTOP\WORKSTATION\0-9SAYICI\DESIMALSAYICI.ASM 58 : Found directive in column 1. (END)
