MPASM  5.35                      UNTITLED.ASM   12-2-2010  22:30:20         PAGE  1


LOC  OBJECT CODE     LINE SOURCE TEXT
  VALUE

Warning[205]: Found directive in column 1. (INCLUDE)
                      00001 INCLUDE "P16F877.INC"
                      00001         LIST
                      00002 ; P16F877.INC  Standard Header File, Version 1.00    Microchip Technology, Inc.
                      00373         LIST
                      00002 
Warning[205]: Found directive in column 1. (__config)
2007   3F31           00003 __config H'3F31'
                      00004 
  00000025            00005 TMR0SAY EQU 0X25
                      00006 
Warning[205]: Found directive in column 1. (ORG)
                      00007 ORG 0X00
                      00008 
Warning[203]: Found opcode in column 1. (CLRF)
0000   018A           00009 CLRF PCLATH
Warning[203]: Found opcode in column 1. (GOTO)
0001   2???           00010 GOTO ANA_PROG
                      00011 
Warning[205]: Found directive in column 1. (ORG)
                      00012 ORG 0X04 ; KESME VEKTOR ADRESI
                      00013 
0004                  00014 INTERRUPT
                      00015 
Warning[203]: Found opcode in column 1. (BTFSS)
0004   1E8B           00016 BTFSS INTCON,0X05
Warning[203]: Found opcode in column 1. (GOTO)
0005   2???           00017 GOTO INT_J1
Warning[203]: Found opcode in column 1. (BTFSS)
0006   1D0B           00018 BTFSS INTCON,0X02; TIMER0 KESMESI OLUSTUMU
Warning[203]: Found opcode in column 1. (GOTO)
0007   2???           00019 GOTO INT_J1
                      00020 
Warning[203]: Found opcode in column 1. (MOVLW)
0008   30FF           00021 MOVLW 0Xff
Warning[203]: Found opcode in column 1. (MOVWF)
0009   0081           00022 MOVWF TMR0
                      00023 
Warning[203]: Found opcode in column 1. (BCF)
000A   110B           00024 BCF INTCON,0X02 
                      00025 
Warning[203]: Found opcode in column 1. (INCF)
000B   0AA5           00026 INCF TMR0SAY,F
Warning[203]: Found opcode in column 1. (MOVf)
000C   0825           00027 MOVf TMR0SAY,W
                      00028 
Warning[203]: Found opcode in column 1. (SUBLW)
000D   3C0E           00029 SUBLW 0X0E
                      00030 
Warning[203]: Found opcode in column 1. (BTFSS)
000E   1C03           00031 BTFSS STATUS,C
Warning[203]: Found opcode in column 1. (CLRF)
000F   01A5           00032 CLRF TMR0SAY
MPASM  5.35                      UNTITLED.ASM   12-2-2010  22:30:20         PAGE  2


LOC  OBJECT CODE     LINE SOURCE TEXT
  VALUE

Warning[203]: Found opcode in column 1. (MOVF)
0010   0825           00033 MOVF TMR0SAY,W
Warning[203]: Found opcode in column 1. (MOVWF)
0011   0086           00034 MOVWF PORTB
                      00035 
Warning[203]: Found opcode in column 1. (BTFSS)
0012   1C06           00036 BTFSS PORTB,0
                      00037 
0013                  00038 INT_J1
0013   0009           00039  RETFIE
                      00040 
0014                  00041 ILK_ISLEM
                      00042 
Warning[203]: Found opcode in column 1. (CLRF)
0014   01A5           00043 CLRF TMR0SAY
                      00044 
Warning[205]: Found directive in column 1. (BANKSEL)
0015   1683 1303      00045 BANKSEL OPTION_REG
Warning[203]: Found opcode in column 1. (MOVLW)
0017   30D2           00046 MOVLW 0XD2
Warning[203]: Found opcode in column 1. (MOVWF)
Message[302]: Register in operand not in bank 0.  Ensure that bank bits are correct.
0018   0081           00047 MOVWF OPTION_REG
                      00048 
Warning[203]: Found opcode in column 1. (BCF)
Message[302]: Register in operand not in bank 0.  Ensure that bank bits are correct.
0019   1006           00049 BCF TRISB,0 ;
                      00050 
Warning[203]: Found opcode in column 1. (MOVLW)
001A   30FF           00051 MOVLW 0XFF
Warning[203]: Found opcode in column 1. (MOVWF)
Message[302]: Register in operand not in bank 0.  Ensure that bank bits are correct.
001B   0085           00052 MOVWF TRISA
                      00053 
Warning[205]: Found directive in column 1. (BANKSEL)
001C   1283 1303      00054 BANKSEL PORTB
Warning[203]: Found opcode in column 1. (CLRF)
001E   0186           00055 CLRF PORTB
                      00056 
Warning[203]: Found opcode in column 1. (MOVLW)
001F   30FF           00057 MOVLW 0XFF
Warning[203]: Found opcode in column 1. (MOVWF)
0020   0081           00058 MOVWF TMR0
Warning[203]: Found opcode in column 1. (CLRF)
0021   01A5           00059 CLRF TMR0SAY
                      00060 
Warning[203]: Found opcode in column 1. (BSF)
0022   170B           00061 BSF INTCON ,0X06 ;TMR0 KESMESI IZIN VERILDI
Warning[203]: Found opcode in column 1. (BSF)
0023   178B           00062 BSF INTCON ,0X07 ; ETKIN HALDEKI TUM KESMELERE IZIN VERILIR
                      00063 
Warning[203]: Found opcode in column 1. (RETURN)
0024   0008           00064 RETURN
MPASM  5.35                      UNTITLED.ASM   12-2-2010  22:30:20         PAGE  3


LOC  OBJECT CODE     LINE SOURCE TEXT
  VALUE

                      00065 
0025                  00066 ANA_PROG
Warning[203]: Found opcode in column 1. (CALL)
0025   2???           00067 CALL ILK_ISLEM
                      00068 
0026                  00069 ANA_J1
Warning[203]: Found opcode in column 1. (GOTO)
0026   2???           00070 GOTO ANA_J1
                      00071 
Warning[205]: Found directive in column 1. (END)
3F31                  00072 END
MPASM  5.35                      UNTITLED.ASM   12-2-2010  22:30:20         PAGE  4


SYMBOL TABLE
  LABEL                             VALUE 

ACKDT                             00000005
ACKEN                             00000004
ACKSTAT                           00000006
ADCON0                            0000001F
ADCON1                            0000009F
ADCS0                             00000006
ADCS1                             00000007
ADDEN                             00000003
ADFM                              00000007
ADIE                              00000006
ADIF                              00000006
ADON                              00000000
ADRESH                            0000001E
ADRESL                            0000009E
ANA_J1                            00000026
ANA_PROG                          00000025
BCLIE                             00000003
BCLIF                             00000003
BF                                00000000
BRGH                              00000002
C                                 00000000
CCP1CON                           00000017
CCP1IE                            00000002
CCP1IF                            00000002
CCP1M0                            00000000
CCP1M1                            00000001
CCP1M2                            00000002
CCP1M3                            00000003
CCP1X                             00000005
CCP1Y                             00000004
CCP2CON                           0000001D
CCP2IE                            00000000
CCP2IF                            00000000
CCP2M0                            00000000
CCP2M1                            00000001
CCP2M2                            00000002
CCP2M3                            00000003
CCP2X                             00000005
CCP2Y                             00000004
CCPR1H                            00000016
CCPR1L                            00000015
CCPR2H                            0000001C
CCPR2L                            0000001B
CHS0                              00000003
CHS1                              00000004
CHS2                              00000005
CKE                               00000006
CKP                               00000004
CREN                              00000004
CSRC                              00000007
D                                 00000005
DATA_ADDRESS                      00000005
DC                                00000001
MPASM  5.35                      UNTITLED.ASM   12-2-2010  22:30:20         PAGE  5


SYMBOL TABLE
  LABEL                             VALUE 

D_A                               00000005
EEADR                             0000010D
EEADRH                            0000010F
EECON1                            0000018C
EECON2                            0000018D
EEDATA                            0000010C
EEDATH                            0000010E
EEIE                              00000004
EEIF                              00000004
EEPGD                             00000007
F                                 00000001
FERR                              00000002
FSR                               00000004
GCEN                              00000007
GIE                               00000007
GO                                00000002
GO_DONE                           00000002
I2C_DATA                          00000005
I2C_READ                          00000002
I2C_START                         00000003
I2C_STOP                          00000004
IBF                               00000007
IBOV                              00000005
ILK_ISLEM                         00000014
INDF                              00000000
INTCON                            0000000B
INTE                              00000004
INTEDG                            00000006
INTERRUPT                         00000004
INTF                              00000001
INT_J1                            00000013
IRP                               00000007
NOT_A                             00000005
NOT_ADDRESS                       00000005
NOT_BO                            00000000
NOT_BOR                           00000000
NOT_DONE                          00000002
NOT_PD                            00000003
NOT_POR                           00000001
NOT_RBPU                          00000007
NOT_RC8                           00000006
NOT_T1SYNC                        00000002
NOT_TO                            00000004
NOT_TX8                           00000006
NOT_W                             00000002
NOT_WRITE                         00000002
OBF                               00000006
OERR                              00000001
OPTION_REG                        00000081
P                                 00000004
PCFG0                             00000000
PCFG1                             00000001
PCFG2                             00000002
MPASM  5.35                      UNTITLED.ASM   12-2-2010  22:30:20         PAGE  6


SYMBOL TABLE
  LABEL                             VALUE 

PCFG3                             00000003
PCL                               00000002
PCLATH                            0000000A
PCON                              0000008E
PEIE                              00000006
PEN                               00000002
PIE1                              0000008C
PIE2                              0000008D
PIR1                              0000000C
PIR2                              0000000D
PORTA                             00000005
PORTB                             00000006
PORTC                             00000007
PORTD                             00000008
PORTE                             00000009
PR2                               00000092
PS0                               00000000
PS1                               00000001
PS2                               00000002
PSA                               00000003
PSPIE                             00000007
PSPIF                             00000007
PSPMODE                           00000004
R                                 00000002
RBIE                              00000003
RBIF                              00000000
RC8_9                             00000006
RC9                               00000006
RCD8                              00000000
RCEN                              00000003
RCIE                              00000005
RCIF                              00000005
RCREG                             0000001A
RCSTA                             00000018
RD                                00000000
READ_WRITE                        00000002
RP0                               00000005
RP1                               00000006
RSEN                              00000001
RX9                               00000006
RX9D                              00000000
R_W                               00000002
S                                 00000003
SEN                               00000000
SMP                               00000007
SPBRG                             00000099
SPEN                              00000007
SREN                              00000005
SSPADD                            00000093
SSPBUF                            00000013
SSPCON                            00000014
SSPCON2                           00000091
SSPEN                             00000005
MPASM  5.35                      UNTITLED.ASM   12-2-2010  22:30:20         PAGE  7


SYMBOL TABLE
  LABEL                             VALUE 

SSPIE                             00000003
SSPIF                             00000003
SSPM0                             00000000
SSPM1                             00000001
SSPM2                             00000002
SSPM3                             00000003
SSPOV                             00000006
SSPSTAT                           00000094
STATUS                            00000003
SYNC                              00000004
T0CS                              00000005
T0IE                              00000005
T0IF                              00000002
T0SE                              00000004
T1CKPS0                           00000004
T1CKPS1                           00000005
T1CON                             00000010
T1INSYNC                          00000002
T1OSCEN                           00000003
T1SYNC                            00000002
T2CKPS0                           00000000
T2CKPS1                           00000001
T2CON                             00000012
TMR0                              00000001
TMR0SAY                           00000025
TMR1CS                            00000001
TMR1H                             0000000F
TMR1IE                            00000000
TMR1IF                            00000000
TMR1L                             0000000E
TMR1ON                            00000000
TMR2                              00000011
TMR2IE                            00000001
TMR2IF                            00000001
TMR2ON                            00000002
TOUTPS0                           00000003
TOUTPS1                           00000004
TOUTPS2                           00000005
TOUTPS3                           00000006
TRISA                             00000085
TRISB                             00000086
TRISC                             00000087
TRISD                             00000088
TRISE                             00000089
TRISE0                            00000000
TRISE1                            00000001
TRISE2                            00000002
TRMT                              00000001
TX8_9                             00000006
TX9                               00000006
TX9D                              00000000
TXD8                              00000000
TXEN                              00000005
MPASM  5.35                      UNTITLED.ASM   12-2-2010  22:30:20         PAGE  8


SYMBOL TABLE
  LABEL                             VALUE 

TXIE                              00000004
TXIF                              00000004
TXREG                             00000019
TXSTA                             00000098
UA                                00000001
W                                 00000000
WCOL                              00000007
WR                                00000001
WREN                              00000002
WRERR                             00000003
Z                                 00000002
_BODEN_OFF                        00003FBF
_BODEN_ON                         00003FFF
_CPD_OFF                          00003FFF
_CPD_ON                           00003EFF
_CP_ALL                           00000FCF
_CP_HALF                          00001FDF
_CP_OFF                           00003FFF
_CP_UPPER_256                     00002FEF
_DEBUG_OFF                        00003FFF
_DEBUG_ON                         000037FF
_HS_OSC                           00003FFE
_LP_OSC                           00003FFC
_LVP_OFF                          00003F7F
_LVP_ON                           00003FFF
_PWRTE_OFF                        00003FFF
_PWRTE_ON                         00003FF7
_RC_OSC                           00003FFF
_WDT_OFF                          00003FFB
_WDT_ON                           00003FFF
_WRT_ENABLE_OFF                   00003DFF
_WRT_ENABLE_ON                    00003FFF
_XT_OSC                           00003FFD
__16F877                          00000001
__DEBUG                           1

Errors   :     0
Warnings :    39 reported,     0 suppressed
Messages :     3 reported,     0 suppressed

