MPASM  5.37                      UNTITLED.ASM   1-2-2011  17:10:45         PAGE  1


LOC  OBJECT CODE     LINE SOURCE TEXT
  VALUE

Warning[205]: Found directive in column 1. (list)
                      00001 list p=16F877
Warning[205]: Found directive in column 1. (include)
                      00002 include p16F877.inc
                      00001         LIST
                      00002 ; P16F877.INC  Standard Header File, Version 1.00    Microchip Technology, Inc.
                      00373         LIST
  00000020            00003 SAY1 EQU 0X20
  00000021            00004 SAY2 EQU 0X21
  00000022            00005 VERI EQU 0X22
Warning[205]: Found directive in column 1. (ORG)
                      00006 ORG 0X00
                      00007 
Warning[203]: Found opcode in column 1. (GOTO)
0000   2???           00008 GOTO LCD_AYAR
Warning[205]: Found directive in column 1. (ORG)
                      00009 ORG 0X04
                      00010 
0004                  00011 LCD_AYAR
                      00012 
Warning[205]: Found directive in column 1. (BANKSEL)
0004   1683 1303      00013 BANKSEL TRISB
Warning[203]: Found opcode in column 1. (CLRF)
Message[302]: Register in operand not in bank 0.  Ensure that bank bits are correct.
0006   0186           00014 CLRF TRISB
Warning[205]: Found directive in column 1. (BANKSEL)
0007   1283 1303      00015 BANKSEL PORTB
                      00016 
                      00017 
Warning[203]: Found opcode in column 1. (MOVLW)
0009   3002           00018 MOVLW h'02'
Warning[203]: Found opcode in column 1. (CALL)
000A   2???           00019 CALL KOMUT_YAZ
                      00020 
                      00021 
Warning[203]: Found opcode in column 1. (MOVLW)
000B   3002           00022 MOVLW h'02'
Warning[203]: Found opcode in column 1. (CALL)
000C   2???           00023 CALL KOMUT_YAZ
                      00024 
Warning[203]: Found opcode in column 1. (MOVLW)
000D   3000           00025 MOVLW h'00'
Warning[203]: Found opcode in column 1. (CALL)
000E   2???           00026 CALL KOMUT_YAZ
                      00027 
Warning[203]: Found opcode in column 1. (MOVLW)
000F   3000           00028 MOVLW h'00'
Warning[203]: Found opcode in column 1. (CALL)
0010   2???           00029 CALL KOMUT_YAZ
                      00030 
                      00031 
Warning[203]: Found opcode in column 1. (MOVLW)
0011   300E           00032 MOVLW h'0E'
MPASM  5.37                      UNTITLED.ASM   1-2-2011  17:10:45         PAGE  2


LOC  OBJECT CODE     LINE SOURCE TEXT
  VALUE

Warning[203]: Found opcode in column 1. (CALL)
0012   2???           00033 CALL KOMUT_YAZ
                      00034 
                      00035 
Warning[203]: Found opcode in column 1. (MOVLW)
0013   3000           00036 MOVLW h'00'
Warning[203]: Found opcode in column 1. (CALL)
0014   2???           00037 CALL KOMUT_YAZ
                      00038 
                      00039 
Warning[203]: Found opcode in column 1. (MOVLW)
0015   3006           00040 MOVLW h'06'
Warning[203]: Found opcode in column 1. (CALL)
0016   2???           00041 CALL KOMUT_YAZ
                      00042 
                      00043 
                      00044 
                      00045 
                      00046 
                      00047 
                      00048 
0017                  00049 DONGU 
Warning[203]: Found opcode in column 1. (GOTO)
0017   2???           00050 GOTO DONGU
                      00051 
0018                  00052 KOMUT_YAZ
0018   00A2           00053         MOVWF VERI
0019   16A2           00054         BSF VERI,5
001A   1222           00055         BCF VERI,4
001B   0822           00056         MOVF VERI,W
001C   0086           00057         MOVWF PORTB
001D   2???           00058         CALL BEKLE
001E   2???           00059         CALL DISABLE
001F   2???           00060         CALL BEKLE
Warning[203]: Found opcode in column 1. (RETURN)
0020   0008           00061 RETURN
                      00062 
                      00063 
0021                  00064 HARF_YAZ
0021   00A2           00065         MOVWF VERI
0022   16A2           00066         BSF VERI,5
0023   1622           00067         BSF VERI,4
0024   0822           00068         MOVF VERI,W
0025   0086           00069         MOVWF PORTB
0026   2???           00070         CALL BEKLE
0027   2???           00071         CALL DISABLE
0028   2???           00072         CALL BEKLE
Warning[203]: Found opcode in column 1. (RETURN)
0029   0008           00073 RETURN
                      00074 
002A                  00075 BEKLE
                      00076 
Warning[203]: Found opcode in column 1. (MOVLW)
MPASM  5.37                      UNTITLED.ASM   1-2-2011  17:10:45         PAGE  3


LOC  OBJECT CODE     LINE SOURCE TEXT
  VALUE

002A   30FF           00077 MOVLW 0XFF
Warning[203]: Found opcode in column 1. (MOVWF)
002B   00A0           00078 MOVWF SAY1
002C                  00079 D1
Warning[203]: Found opcode in column 1. (MOVLW)
002C   30FF           00080 MOVLW 0XFF
Warning[203]: Found opcode in column 1. (MOVWF)
002D   00A1           00081 MOVWF SAY2
002E                  00082 D2
Warning[203]: Found opcode in column 1. (DECFSZ)
002E   0BA1           00083 DECFSZ SAY2,F
Warning[203]: Found opcode in column 1. (GOTO)
002F   2???           00084 GOTO D2
Warning[203]: Found opcode in column 1. (DECFSZ)
0030   0BA0           00085 DECFSZ SAY1,F
Warning[203]: Found opcode in column 1. (GOTO)
0031   2???           00086 GOTO D1
Warning[203]: Found opcode in column 1. (RETURN)
0032   0008           00087 RETURN
                      00088 
0033                  00089 DISABLE
Warning[205]: Found directive in column 1. (BANKSEL)
0033   1283 1303      00090 BANKSEL PORTB
Warning[203]: Found opcode in column 1. (BCF)
0035   1286           00091 BCF PORTB,5
Warning[203]: Found opcode in column 1. (BCF)
0036   1206           00092 BCF PORTB,4
Warning[203]: Found opcode in column 1. (RETURN)
0037   0008           00093 RETURN
                      00094 
Warning[205]: Found directive in column 1. (END)
                      00095 END
MPASM  5.37                      UNTITLED.ASM   1-2-2011  17:10:45         PAGE  4


SYMBOL TABLE
  LABEL                             VALUE 

ACKDT                             00000005
ACKEN                             00000004
ACKSTAT                           00000006
ADCON0                            0000001F
ADCON1                            0000009F
ADCS0                             00000006
ADCS1                             00000007
ADDEN                             00000003
ADFM                              00000007
ADIE                              00000006
ADIF                              00000006
ADON                              00000000
ADRESH                            0000001E
ADRESL                            0000009E
BCLIE                             00000003
BCLIF                             00000003
BEKLE                             0000002A
BF                                00000000
BRGH                              00000002
C                                 00000000
CCP1CON                           00000017
CCP1IE                            00000002
CCP1IF                            00000002
CCP1M0                            00000000
CCP1M1                            00000001
CCP1M2                            00000002
CCP1M3                            00000003
CCP1X                             00000005
CCP1Y                             00000004
CCP2CON                           0000001D
CCP2IE                            00000000
CCP2IF                            00000000
CCP2M0                            00000000
CCP2M1                            00000001
CCP2M2                            00000002
CCP2M3                            00000003
CCP2X                             00000005
CCP2Y                             00000004
CCPR1H                            00000016
CCPR1L                            00000015
CCPR2H                            0000001C
CCPR2L                            0000001B
CHS0                              00000003
CHS1                              00000004
CHS2                              00000005
CKE                               00000006
CKP                               00000004
CREN                              00000004
CSRC                              00000007
D                                 00000005
D1                                0000002C
D2                                0000002E
DATA_ADDRESS                      00000005
MPASM  5.37                      UNTITLED.ASM   1-2-2011  17:10:45         PAGE  5


SYMBOL TABLE
  LABEL                             VALUE 

DC                                00000001
DISABLE                           00000033
DONGU                             00000017
D_A                               00000005
EEADR                             0000010D
EEADRH                            0000010F
EECON1                            0000018C
EECON2                            0000018D
EEDATA                            0000010C
EEDATH                            0000010E
EEIE                              00000004
EEIF                              00000004
EEPGD                             00000007
F                                 00000001
FERR                              00000002
FSR                               00000004
GCEN                              00000007
GIE                               00000007
GO                                00000002
GO_DONE                           00000002
HARF_YAZ                          00000021
I2C_DATA                          00000005
I2C_READ                          00000002
I2C_START                         00000003
I2C_STOP                          00000004
IBF                               00000007
IBOV                              00000005
INDF                              00000000
INTCON                            0000000B
INTE                              00000004
INTEDG                            00000006
INTF                              00000001
IRP                               00000007
KOMUT_YAZ                         00000018
LCD_AYAR                          00000004
NOT_A                             00000005
NOT_ADDRESS                       00000005
NOT_BO                            00000000
NOT_BOR                           00000000
NOT_DONE                          00000002
NOT_PD                            00000003
NOT_POR                           00000001
NOT_RBPU                          00000007
NOT_RC8                           00000006
NOT_T1SYNC                        00000002
NOT_TO                            00000004
NOT_TX8                           00000006
NOT_W                             00000002
NOT_WRITE                         00000002
OBF                               00000006
OERR                              00000001
OPTION_REG                        00000081
P                                 00000004
MPASM  5.37                      UNTITLED.ASM   1-2-2011  17:10:45         PAGE  6


SYMBOL TABLE
  LABEL                             VALUE 

PCFG0                             00000000
PCFG1                             00000001
PCFG2                             00000002
PCFG3                             00000003
PCL                               00000002
PCLATH                            0000000A
PCON                              0000008E
PEIE                              00000006
PEN                               00000002
PIE1                              0000008C
PIE2                              0000008D
PIR1                              0000000C
PIR2                              0000000D
PORTA                             00000005
PORTB                             00000006
PORTC                             00000007
PORTD                             00000008
PORTE                             00000009
PR2                               00000092
PS0                               00000000
PS1                               00000001
PS2                               00000002
PSA                               00000003
PSPIE                             00000007
PSPIF                             00000007
PSPMODE                           00000004
R                                 00000002
RBIE                              00000003
RBIF                              00000000
RC8_9                             00000006
RC9                               00000006
RCD8                              00000000
RCEN                              00000003
RCIE                              00000005
RCIF                              00000005
RCREG                             0000001A
RCSTA                             00000018
RD                                00000000
READ_WRITE                        00000002
RP0                               00000005
RP1                               00000006
RSEN                              00000001
RX9                               00000006
RX9D                              00000000
R_W                               00000002
S                                 00000003
SAY1                              00000020
SAY2                              00000021
SEN                               00000000
SMP                               00000007
SPBRG                             00000099
SPEN                              00000007
SREN                              00000005
MPASM  5.37                      UNTITLED.ASM   1-2-2011  17:10:45         PAGE  7


SYMBOL TABLE
  LABEL                             VALUE 

SSPADD                            00000093
SSPBUF                            00000013
SSPCON                            00000014
SSPCON2                           00000091
SSPEN                             00000005
SSPIE                             00000003
SSPIF                             00000003
SSPM0                             00000000
SSPM1                             00000001
SSPM2                             00000002
SSPM3                             00000003
SSPOV                             00000006
SSPSTAT                           00000094
STATUS                            00000003
SYNC                              00000004
T0CS                              00000005
T0IE                              00000005
T0IF                              00000002
T0SE                              00000004
T1CKPS0                           00000004
T1CKPS1                           00000005
T1CON                             00000010
T1INSYNC                          00000002
T1OSCEN                           00000003
T1SYNC                            00000002
T2CKPS0                           00000000
T2CKPS1                           00000001
T2CON                             00000012
TMR0                              00000001
TMR1CS                            00000001
TMR1H                             0000000F
TMR1IE                            00000000
TMR1IF                            00000000
TMR1L                             0000000E
TMR1ON                            00000000
TMR2                              00000011
TMR2IE                            00000001
TMR2IF                            00000001
TMR2ON                            00000002
TOUTPS0                           00000003
TOUTPS1                           00000004
TOUTPS2                           00000005
TOUTPS3                           00000006
TRISA                             00000085
TRISB                             00000086
TRISC                             00000087
TRISD                             00000088
TRISE                             00000089
TRISE0                            00000000
TRISE1                            00000001
TRISE2                            00000002
TRMT                              00000001
TX8_9                             00000006
MPASM  5.37                      UNTITLED.ASM   1-2-2011  17:10:45         PAGE  8


SYMBOL TABLE
  LABEL                             VALUE 

TX9                               00000006
TX9D                              00000000
TXD8                              00000000
TXEN                              00000005
TXIE                              00000004
TXIF                              00000004
TXREG                             00000019
TXSTA                             00000098
UA                                00000001
VERI                              00000022
W                                 00000000
WCOL                              00000007
WR                                00000001
WREN                              00000002
WRERR                             00000003
Z                                 00000002
_BODEN_OFF                        00003FBF
_BODEN_ON                         00003FFF
_CPD_OFF                          00003FFF
_CPD_ON                           00003EFF
_CP_ALL                           00000FCF
_CP_HALF                          00001FDF
_CP_OFF                           00003FFF
_CP_UPPER_256                     00002FEF
_DEBUG_OFF                        00003FFF
_DEBUG_ON                         000037FF
_HS_OSC                           00003FFE
_LP_OSC                           00003FFC
_LVP_OFF                          00003F7F
_LVP_ON                           00003FFF
_PWRTE_OFF                        00003FFF
_PWRTE_ON                         00003FF7
_RC_OSC                           00003FFF
_WDT_OFF                          00003FFB
_WDT_ON                           00003FFF
_WRT_ENABLE_OFF                   00003DFF
_WRT_ENABLE_ON                    00003FFF
_XT_OSC                           00003FFD
__16F877                          00000001
__DEBUG                           1

Errors   :     0
Warnings :    39 reported,     0 suppressed
Messages :     1 reported,     0 suppressed

