Warning[205] C:\USERS\HARUN\DESKTOP\PIC\MPLAB\LCD\UNTITLED.ASM 1 : Found directive in column 1. (list)
Warning[205] C:\USERS\HARUN\DESKTOP\PIC\MPLAB\LCD\UNTITLED.ASM 2 : Found directive in column 1. (include)
Warning[205] C:\USERS\HARUN\DESKTOP\PIC\MPLAB\LCD\UNTITLED.ASM 6 : Found directive in column 1. (ORG)
Warning[203] C:\USERS\HARUN\DESKTOP\PIC\MPLAB\LCD\UNTITLED.ASM 8 : Found opcode in column 1. (GOTO)
Warning[205] C:\USERS\HARUN\DESKTOP\PIC\MPLAB\LCD\UNTITLED.ASM 9 : Found directive in column 1. (ORG)
Warning[205] C:\USERS\HARUN\DESKTOP\PIC\MPLAB\LCD\UNTITLED.ASM 13 : Found directive in column 1. (BANKSEL)
Warning[203] C:\USERS\HARUN\DESKTOP\PIC\MPLAB\LCD\UNTITLED.ASM 14 : Found opcode in column 1. (CLRF)
Message[302] C:\USERS\HARUN\DESKTOP\PIC\MPLAB\LCD\UNTITLED.ASM 14 : Register in operand not in bank 0.  Ensure that bank bits are correct.
Warning[205] C:\USERS\HARUN\DESKTOP\PIC\MPLAB\LCD\UNTITLED.ASM 15 : Found directive in column 1. (BANKSEL)
Warning[203] C:\USERS\HARUN\DESKTOP\PIC\MPLAB\LCD\UNTITLED.ASM 18 : Found opcode in column 1. (MOVLW)
Warning[203] C:\USERS\HARUN\DESKTOP\PIC\MPLAB\LCD\UNTITLED.ASM 19 : Found opcode in column 1. (CALL)
Warning[203] C:\USERS\HARUN\DESKTOP\PIC\MPLAB\LCD\UNTITLED.ASM 22 : Found opcode in column 1. (MOVLW)
Warning[203] C:\USERS\HARUN\DESKTOP\PIC\MPLAB\LCD\UNTITLED.ASM 23 : Found opcode in column 1. (CALL)
Warning[203] C:\USERS\HARUN\DESKTOP\PIC\MPLAB\LCD\UNTITLED.ASM 25 : Found opcode in column 1. (MOVLW)
Warning[203] C:\USERS\HARUN\DESKTOP\PIC\MPLAB\LCD\UNTITLED.ASM 26 : Found opcode in column 1. (CALL)
Warning[203] C:\USERS\HARUN\DESKTOP\PIC\MPLAB\LCD\UNTITLED.ASM 28 : Found opcode in column 1. (MOVLW)
Warning[203] C:\USERS\HARUN\DESKTOP\PIC\MPLAB\LCD\UNTITLED.ASM 29 : Found opcode in column 1. (CALL)
Warning[203] C:\USERS\HARUN\DESKTOP\PIC\MPLAB\LCD\UNTITLED.ASM 32 : Found opcode in column 1. (MOVLW)
Warning[203] C:\USERS\HARUN\DESKTOP\PIC\MPLAB\LCD\UNTITLED.ASM 33 : Found opcode in column 1. (CALL)
Warning[203] C:\USERS\HARUN\DESKTOP\PIC\MPLAB\LCD\UNTITLED.ASM 36 : Found opcode in column 1. (MOVLW)
Warning[203] C:\USERS\HARUN\DESKTOP\PIC\MPLAB\LCD\UNTITLED.ASM 37 : Found opcode in column 1. (CALL)
Warning[203] C:\USERS\HARUN\DESKTOP\PIC\MPLAB\LCD\UNTITLED.ASM 40 : Found opcode in column 1. (MOVLW)
Warning[203] C:\USERS\HARUN\DESKTOP\PIC\MPLAB\LCD\UNTITLED.ASM 41 : Found opcode in column 1. (CALL)
Warning[203] C:\USERS\HARUN\DESKTOP\PIC\MPLAB\LCD\UNTITLED.ASM 50 : Found opcode in column 1. (GOTO)
Warning[203] C:\USERS\HARUN\DESKTOP\PIC\MPLAB\LCD\UNTITLED.ASM 61 : Found opcode in column 1. (RETURN)
Warning[203] C:\USERS\HARUN\DESKTOP\PIC\MPLAB\LCD\UNTITLED.ASM 73 : Found opcode in column 1. (RETURN)
Warning[203] C:\USERS\HARUN\DESKTOP\PIC\MPLAB\LCD\UNTITLED.ASM 77 : Found opcode in column 1. (MOVLW)
Warning[203] C:\USERS\HARUN\DESKTOP\PIC\MPLAB\LCD\UNTITLED.ASM 78 : Found opcode in column 1. (MOVWF)
Warning[203] C:\USERS\HARUN\DESKTOP\PIC\MPLAB\LCD\UNTITLED.ASM 80 : Found opcode in column 1. (MOVLW)
Warning[203] C:\USERS\HARUN\DESKTOP\PIC\MPLAB\LCD\UNTITLED.ASM 81 : Found opcode in column 1. (MOVWF)
Warning[203] C:\USERS\HARUN\DESKTOP\PIC\MPLAB\LCD\UNTITLED.ASM 83 : Found opcode in column 1. (DECFSZ)
Warning[203] C:\USERS\HARUN\DESKTOP\PIC\MPLAB\LCD\UNTITLED.ASM 84 : Found opcode in column 1. (GOTO)
Warning[203] C:\USERS\HARUN\DESKTOP\PIC\MPLAB\LCD\UNTITLED.ASM 85 : Found opcode in column 1. (DECFSZ)
Warning[203] C:\USERS\HARUN\DESKTOP\PIC\MPLAB\LCD\UNTITLED.ASM 86 : Found opcode in column 1. (GOTO)
Warning[203] C:\USERS\HARUN\DESKTOP\PIC\MPLAB\LCD\UNTITLED.ASM 87 : Found opcode in column 1. (RETURN)
Warning[205] C:\USERS\HARUN\DESKTOP\PIC\MPLAB\LCD\UNTITLED.ASM 90 : Found directive in column 1. (BANKSEL)
Warning[203] C:\USERS\HARUN\DESKTOP\PIC\MPLAB\LCD\UNTITLED.ASM 91 : Found opcode in column 1. (BCF)
Warning[203] C:\USERS\HARUN\DESKTOP\PIC\MPLAB\LCD\UNTITLED.ASM 92 : Found opcode in column 1. (BCF)
Warning[203] C:\USERS\HARUN\DESKTOP\PIC\MPLAB\LCD\UNTITLED.ASM 93 : Found opcode in column 1. (RETURN)
Warning[205] C:\USERS\HARUN\DESKTOP\PIC\MPLAB\LCD\UNTITLED.ASM 95 : Found directive in column 1. (END)
