Warning[205] C:\USERS\MAKRO\DESKTOP\WORKSTATION\TIMER1-LED\TIMER1-LED.ASM 1 : Found directive in column 1. (LIST)
Warning[205] C:\USERS\MAKRO\DESKTOP\WORKSTATION\TIMER1-LED\TIMER1-LED.ASM 4 : Found directive in column 1. (ORG)
Warning[203] C:\USERS\MAKRO\DESKTOP\WORKSTATION\TIMER1-LED\TIMER1-LED.ASM 5 : Found opcode in column 1. (GOTO)
Warning[205] C:\USERS\MAKRO\DESKTOP\WORKSTATION\TIMER1-LED\TIMER1-LED.ASM 7 : Found directive in column 1. (ORG)
Warning[203] C:\USERS\MAKRO\DESKTOP\WORKSTATION\TIMER1-LED\TIMER1-LED.ASM 8 : Found opcode in column 1. (GOTO)
Warning[203] C:\USERS\MAKRO\DESKTOP\WORKSTATION\TIMER1-LED\TIMER1-LED.ASM 11 : Found opcode in column 1. (BCF)
Warning[205] C:\USERS\MAKRO\DESKTOP\WORKSTATION\TIMER1-LED\TIMER1-LED.ASM 12 : Found directive in column 1. (BANKSEL)
Warning[203] C:\USERS\MAKRO\DESKTOP\WORKSTATION\TIMER1-LED\TIMER1-LED.ASM 13 : Found opcode in column 1. (MOVLW)
Warning[203] C:\USERS\MAKRO\DESKTOP\WORKSTATION\TIMER1-LED\TIMER1-LED.ASM 14 : Found opcode in column 1. (MOVWF)
Warning[203] C:\USERS\MAKRO\DESKTOP\WORKSTATION\TIMER1-LED\TIMER1-LED.ASM 15 : Found opcode in column 1. (MOVLW)
Warning[203] C:\USERS\MAKRO\DESKTOP\WORKSTATION\TIMER1-LED\TIMER1-LED.ASM 16 : Found opcode in column 1. (MOVWF)
Warning[203] C:\USERS\MAKRO\DESKTOP\WORKSTATION\TIMER1-LED\TIMER1-LED.ASM 18 : Found opcode in column 1. (DECFSZ)
Warning[203] C:\USERS\MAKRO\DESKTOP\WORKSTATION\TIMER1-LED\TIMER1-LED.ASM 19 : Found opcode in column 1. (RETFIE)
Warning[203] C:\USERS\MAKRO\DESKTOP\WORKSTATION\TIMER1-LED\TIMER1-LED.ASM 20 : Found opcode in column 1. (MOVLW)
Warning[203] C:\USERS\MAKRO\DESKTOP\WORKSTATION\TIMER1-LED\TIMER1-LED.ASM 21 : Found opcode in column 1. (MOVWF)
Warning[203] C:\USERS\MAKRO\DESKTOP\WORKSTATION\TIMER1-LED\TIMER1-LED.ASM 22 : Found opcode in column 1. (COMF)
Warning[203] C:\USERS\MAKRO\DESKTOP\WORKSTATION\TIMER1-LED\TIMER1-LED.ASM 23 : Found opcode in column 1. (RETFIE)
Warning[205] C:\USERS\MAKRO\DESKTOP\WORKSTATION\TIMER1-LED\TIMER1-LED.ASM 26 : Found directive in column 1. (BANKSEL)
Warning[203] C:\USERS\MAKRO\DESKTOP\WORKSTATION\TIMER1-LED\TIMER1-LED.ASM 27 : Found opcode in column 1. (CLRF)
Message[302] C:\USERS\MAKRO\DESKTOP\WORKSTATION\TIMER1-LED\TIMER1-LED.ASM 27 : Register in operand not in bank 0.  Ensure that bank bits are correct.
Warning[205] C:\USERS\MAKRO\DESKTOP\WORKSTATION\TIMER1-LED\TIMER1-LED.ASM 28 : Found directive in column 1. (BANKSEL)
Warning[203] C:\USERS\MAKRO\DESKTOP\WORKSTATION\TIMER1-LED\TIMER1-LED.ASM 29 : Found opcode in column 1. (BSF)
Warning[205] C:\USERS\MAKRO\DESKTOP\WORKSTATION\TIMER1-LED\TIMER1-LED.ASM 31 : Found directive in column 1. (BANKSEL)
Warning[203] C:\USERS\MAKRO\DESKTOP\WORKSTATION\TIMER1-LED\TIMER1-LED.ASM 32 : Found opcode in column 1. (MOVLW)
Warning[203] C:\USERS\MAKRO\DESKTOP\WORKSTATION\TIMER1-LED\TIMER1-LED.ASM 33 : Found opcode in column 1. (MOVWF)
Warning[203] C:\USERS\MAKRO\DESKTOP\WORKSTATION\TIMER1-LED\TIMER1-LED.ASM 34 : Found opcode in column 1. (MOVLW)
Warning[203] C:\USERS\MAKRO\DESKTOP\WORKSTATION\TIMER1-LED\TIMER1-LED.ASM 35 : Found opcode in column 1. (MOVWF)
Warning[205] C:\USERS\MAKRO\DESKTOP\WORKSTATION\TIMER1-LED\TIMER1-LED.ASM 37 : Found directive in column 1. (BANKSEL)
Warning[203] C:\USERS\MAKRO\DESKTOP\WORKSTATION\TIMER1-LED\TIMER1-LED.ASM 38 : Found opcode in column 1. (MOVLW)
Warning[203] C:\USERS\MAKRO\DESKTOP\WORKSTATION\TIMER1-LED\TIMER1-LED.ASM 39 : Found opcode in column 1. (MOVWF)
Warning[205] C:\USERS\MAKRO\DESKTOP\WORKSTATION\TIMER1-LED\TIMER1-LED.ASM 41 : Found directive in column 1. (BANKSEL)
Warning[203] C:\USERS\MAKRO\DESKTOP\WORKSTATION\TIMER1-LED\TIMER1-LED.ASM 42 : Found opcode in column 1. (BSF)
Message[302] C:\USERS\MAKRO\DESKTOP\WORKSTATION\TIMER1-LED\TIMER1-LED.ASM 42 : Register in operand not in bank 0.  Ensure that bank bits are correct.
Warning[205] C:\USERS\MAKRO\DESKTOP\WORKSTATION\TIMER1-LED\TIMER1-LED.ASM 44 : Found directive in column 1. (BANKSEL)
Warning[203] C:\USERS\MAKRO\DESKTOP\WORKSTATION\TIMER1-LED\TIMER1-LED.ASM 45 : Found opcode in column 1. (MOVLW)
Warning[203] C:\USERS\MAKRO\DESKTOP\WORKSTATION\TIMER1-LED\TIMER1-LED.ASM 46 : Found opcode in column 1. (MOVWF)
Warning[205] C:\USERS\MAKRO\DESKTOP\WORKSTATION\TIMER1-LED\TIMER1-LED.ASM 48 : Found directive in column 1. (BANKSEL)
Warning[203] C:\USERS\MAKRO\DESKTOP\WORKSTATION\TIMER1-LED\TIMER1-LED.ASM 49 : Found opcode in column 1. (MOVLW)
Warning[203] C:\USERS\MAKRO\DESKTOP\WORKSTATION\TIMER1-LED\TIMER1-LED.ASM 50 : Found opcode in column 1. (MOVWF)
Warning[203] C:\USERS\MAKRO\DESKTOP\WORKSTATION\TIMER1-LED\TIMER1-LED.ASM 53 : Found opcode in column 1. (GOTO)
Warning[205] C:\USERS\MAKRO\DESKTOP\WORKSTATION\TIMER1-LED\TIMER1-LED.ASM 55 : Found directive in column 1. (END)
