Warning[205] C:\USERS\MAKRO\DESKTOP\WORKSTATION\TIMER2-LED\TIMER2-LED.ASM 1 : Found directive in column 1. (LIST)
Warning[205] C:\USERS\MAKRO\DESKTOP\WORKSTATION\TIMER2-LED\TIMER2-LED.ASM 6 : Found directive in column 1. (ORG)
Warning[203] C:\USERS\MAKRO\DESKTOP\WORKSTATION\TIMER2-LED\TIMER2-LED.ASM 7 : Found opcode in column 1. (GOTO)
Warning[205] C:\USERS\MAKRO\DESKTOP\WORKSTATION\TIMER2-LED\TIMER2-LED.ASM 9 : Found directive in column 1. (ORG)
Warning[203] C:\USERS\MAKRO\DESKTOP\WORKSTATION\TIMER2-LED\TIMER2-LED.ASM 10 : Found opcode in column 1. (GOTO)
Warning[203] C:\USERS\MAKRO\DESKTOP\WORKSTATION\TIMER2-LED\TIMER2-LED.ASM 14 : Found opcode in column 1. (BCF)
Warning[205] C:\USERS\MAKRO\DESKTOP\WORKSTATION\TIMER2-LED\TIMER2-LED.ASM 15 : Found directive in column 1. (BANKSEL)
Warning[203] C:\USERS\MAKRO\DESKTOP\WORKSTATION\TIMER2-LED\TIMER2-LED.ASM 16 : Found opcode in column 1. (DECFSZ)
Warning[203] C:\USERS\MAKRO\DESKTOP\WORKSTATION\TIMER2-LED\TIMER2-LED.ASM 17 : Found opcode in column 1. (RETFIE)
Warning[203] C:\USERS\MAKRO\DESKTOP\WORKSTATION\TIMER2-LED\TIMER2-LED.ASM 18 : Found opcode in column 1. (MOVLW)
Warning[203] C:\USERS\MAKRO\DESKTOP\WORKSTATION\TIMER2-LED\TIMER2-LED.ASM 19 : Found opcode in column 1. (MOVWF)
Warning[203] C:\USERS\MAKRO\DESKTOP\WORKSTATION\TIMER2-LED\TIMER2-LED.ASM 20 : Found opcode in column 1. (COMF)
Warning[203] C:\USERS\MAKRO\DESKTOP\WORKSTATION\TIMER2-LED\TIMER2-LED.ASM 21 : Found opcode in column 1. (RETFIE)
Warning[205] C:\USERS\MAKRO\DESKTOP\WORKSTATION\TIMER2-LED\TIMER2-LED.ASM 26 : Found directive in column 1. (BANKSEL)
Warning[203] C:\USERS\MAKRO\DESKTOP\WORKSTATION\TIMER2-LED\TIMER2-LED.ASM 27 : Found opcode in column 1. (CLRF)
Message[302] C:\USERS\MAKRO\DESKTOP\WORKSTATION\TIMER2-LED\TIMER2-LED.ASM 27 : Register in operand not in bank 0.  Ensure that bank bits are correct.
Warning[205] C:\USERS\MAKRO\DESKTOP\WORKSTATION\TIMER2-LED\TIMER2-LED.ASM 28 : Found directive in column 1. (BANKSEL)
Warning[203] C:\USERS\MAKRO\DESKTOP\WORKSTATION\TIMER2-LED\TIMER2-LED.ASM 29 : Found opcode in column 1. (BSF)
Warning[203] C:\USERS\MAKRO\DESKTOP\WORKSTATION\TIMER2-LED\TIMER2-LED.ASM 31 : Found opcode in column 1. (MOVLW)
Warning[203] C:\USERS\MAKRO\DESKTOP\WORKSTATION\TIMER2-LED\TIMER2-LED.ASM 32 : Found opcode in column 1. (MOVWF)
Warning[205] C:\USERS\MAKRO\DESKTOP\WORKSTATION\TIMER2-LED\TIMER2-LED.ASM 34 : Found directive in column 1. (BANKSEL)
Warning[203] C:\USERS\MAKRO\DESKTOP\WORKSTATION\TIMER2-LED\TIMER2-LED.ASM 35 : Found opcode in column 1. (BSF)
Message[302] C:\USERS\MAKRO\DESKTOP\WORKSTATION\TIMER2-LED\TIMER2-LED.ASM 35 : Register in operand not in bank 0.  Ensure that bank bits are correct.
Warning[205] C:\USERS\MAKRO\DESKTOP\WORKSTATION\TIMER2-LED\TIMER2-LED.ASM 37 : Found directive in column 1. (BANKSEL)
Warning[203] C:\USERS\MAKRO\DESKTOP\WORKSTATION\TIMER2-LED\TIMER2-LED.ASM 38 : Found opcode in column 1. (MOVLW)
Warning[203] C:\USERS\MAKRO\DESKTOP\WORKSTATION\TIMER2-LED\TIMER2-LED.ASM 39 : Found opcode in column 1. (MOVWF)
Warning[205] C:\USERS\MAKRO\DESKTOP\WORKSTATION\TIMER2-LED\TIMER2-LED.ASM 42 : Found directive in column 1. (BANKSEL)
Warning[203] C:\USERS\MAKRO\DESKTOP\WORKSTATION\TIMER2-LED\TIMER2-LED.ASM 43 : Found opcode in column 1. (MOVLW)
Warning[203] C:\USERS\MAKRO\DESKTOP\WORKSTATION\TIMER2-LED\TIMER2-LED.ASM 44 : Found opcode in column 1. (MOVWF)
Message[302] C:\USERS\MAKRO\DESKTOP\WORKSTATION\TIMER2-LED\TIMER2-LED.ASM 44 : Register in operand not in bank 0.  Ensure that bank bits are correct.
Warning[205] C:\USERS\MAKRO\DESKTOP\WORKSTATION\TIMER2-LED\TIMER2-LED.ASM 46 : Found directive in column 1. (BANKSEL)
Warning[203] C:\USERS\MAKRO\DESKTOP\WORKSTATION\TIMER2-LED\TIMER2-LED.ASM 47 : Found opcode in column 1. (MOVLW)
Warning[203] C:\USERS\MAKRO\DESKTOP\WORKSTATION\TIMER2-LED\TIMER2-LED.ASM 48 : Found opcode in column 1. (MOVWF)
Warning[203] C:\USERS\MAKRO\DESKTOP\WORKSTATION\TIMER2-LED\TIMER2-LED.ASM 51 : Found opcode in column 1. (GOTO)
Warning[205] C:\USERS\MAKRO\DESKTOP\WORKSTATION\TIMER2-LED\TIMER2-LED.ASM 53 : Found directive in column 1. (END)
