MPASM  5.37                         USART.ASM   11-29-2015  20:37:18         PAGE  1


LOC  OBJECT CODE     LINE SOURCE TEXT
  VALUE

                      00001 #INCLUDE<P16F877.INC>
                      00001         LIST
                      00002 ; P16F877.INC  Standard Header File, Version 1.00    Microchip Technology, Inc.
                      00373         LIST
Warning[207]: Found label after column 1. (SAYAC1)
  00000021            00002         SAYAC1  EQU     0X21
Warning[207]: Found label after column 1. (SAYAC2)
  00000022            00003         SAYAC2  EQU     0X22
0000                  00004         ORG             0X00
                      00005 
0000                  00006 ANA_PROGRAM
0000   1683 1303      00007         BANKSEL TRISB
Message[302]: Register in operand not in bank 0.  Ensure that bank bits are correct.
0002   0186           00008         CLRF    TRISB
Message[302]: Register in operand not in bank 0.  Ensure that bank bits are correct.
0003   1786           00009         BSF             TRISB,7
0004   1283 1303      00010         BANKSEL PORTB
0006   200A           00011         CALL    RS232_INIT
0007                  00012 DONGU
0007   201F           00013         CALL    RS232_VERÝAL
0008   0086           00014         MOVWF   PORTB
0009   2807           00015         GOTO    DONGU
                      00016         
000A                  00017 RS232_INIT
000A   1683 1303      00018         BANKSEL TXSTA
000C   30A4           00019         MOVLW   B'10100100'
Message[302]: Register in operand not in bank 0.  Ensure that bank bits are correct.
000D   0098           00020         MOVWF   TXSTA
000E   1283 1303      00021         BANKSEL RCSTA
0010   3090           00022         MOVLW   B'10010000'
0011   0098           00023         MOVWF   RCSTA
0012   1283 1303      00024         BANKSEL INTCON
0014   170B           00025         BSF             INTCON,6
0015   178B           00026         BSF             INTCON,7
0016   1683 1303      00027         BANKSEL SPBRG
0018   3019           00028         MOVLW   0X19
Message[302]: Register in operand not in bank 0.  Ensure that bank bits are correct.
0019   0099           00029         MOVWF   SPBRG
001A   1683 1303      00030         BANKSEL PIE1
Message[302]: Register in operand not in bank 0.  Ensure that bank bits are correct.
001C   168C           00031         BSF             PIE1,RCIE
Message[302]: Register in operand not in bank 0.  Ensure that bank bits are correct.
001D   160C           00032         BSF             PIE1,TXIE
001E   0008           00033         RETURN
                      00034 
001F                  00035 RS232_VERÝAL
001F   1283 1303      00036         BANKSEL PIR1
0021   1E8C           00037         BTFSS   PIR1,RCIF
0022   2821           00038         GOTO    $-1
0023   128C           00039         BCF             PIR1,RCIF
0024   081A           00040         MOVF    RCREG,W
0025   0008           00041         RETURN
                      00042 
MPASM  5.37                         USART.ASM   11-29-2015  20:37:18         PAGE  2


LOC  OBJECT CODE     LINE SOURCE TEXT
  VALUE

0026                  00043 GECÝKME
0026   30FF           00044         MOVLW   0XFF
0027   00A1           00045         MOVWF   SAYAC1
0028                  00046 DONGU1
0028   30FF           00047         MOVLW   0XFF
0029   00A2           00048         MOVWF   SAYAC2
002A                  00049 DONGU2
002A   0BA2           00050         DECFSZ  SAYAC2,1
002B   282A           00051         GOTO    DONGU2
002C   0BA1           00052         DECFSZ  SAYAC1,1
002D   2828           00053         GOTO    DONGU1
002E   0008           00054         RETURN
Warning[205]: Found directive in column 1. (END)
                      00055 END
MPASM  5.37                         USART.ASM   11-29-2015  20:37:18         PAGE  3


SYMBOL TABLE
  LABEL                             VALUE 

ACKDT                             00000005
ACKEN                             00000004
ACKSTAT                           00000006
ADCON0                            0000001F
ADCON1                            0000009F
ADCS0                             00000006
ADCS1                             00000007
ADDEN                             00000003
ADFM                              00000007
ADIE                              00000006
ADIF                              00000006
ADON                              00000000
ADRESH                            0000001E
ADRESL                            0000009E
ANA_PROGRAM                       00000000
BCLIE                             00000003
BCLIF                             00000003
BF                                00000000
BRGH                              00000002
C                                 00000000
CCP1CON                           00000017
CCP1IE                            00000002
CCP1IF                            00000002
CCP1M0                            00000000
CCP1M1                            00000001
CCP1M2                            00000002
CCP1M3                            00000003
CCP1X                             00000005
CCP1Y                             00000004
CCP2CON                           0000001D
CCP2IE                            00000000
CCP2IF                            00000000
CCP2M0                            00000000
CCP2M1                            00000001
CCP2M2                            00000002
CCP2M3                            00000003
CCP2X                             00000005
CCP2Y                             00000004
CCPR1H                            00000016
CCPR1L                            00000015
CCPR2H                            0000001C
CCPR2L                            0000001B
CHS0                              00000003
CHS1                              00000004
CHS2                              00000005
CKE                               00000006
CKP                               00000004
CREN                              00000004
CSRC                              00000007
D                                 00000005
DATA_ADDRESS                      00000005
DC                                00000001
DONGU                             00000007
MPASM  5.37                         USART.ASM   11-29-2015  20:37:18         PAGE  4


SYMBOL TABLE
  LABEL                             VALUE 

DONGU1                            00000028
DONGU2                            0000002A
D_A                               00000005
EEADR                             0000010D
EEADRH                            0000010F
EECON1                            0000018C
EECON2                            0000018D
EEDATA                            0000010C
EEDATH                            0000010E
EEIE                              00000004
EEIF                              00000004
EEPGD                             00000007
F                                 00000001
FERR                              00000002
FSR                               00000004
GCEN                              00000007
GECÝKME                           00000026
GIE                               00000007
GO                                00000002
GO_DONE                           00000002
I2C_DATA                          00000005
I2C_READ                          00000002
I2C_START                         00000003
I2C_STOP                          00000004
IBF                               00000007
IBOV                              00000005
INDF                              00000000
INTCON                            0000000B
INTE                              00000004
INTEDG                            00000006
INTF                              00000001
IRP                               00000007
NOT_A                             00000005
NOT_ADDRESS                       00000005
NOT_BO                            00000000
NOT_BOR                           00000000
NOT_DONE                          00000002
NOT_PD                            00000003
NOT_POR                           00000001
NOT_RBPU                          00000007
NOT_RC8                           00000006
NOT_T1SYNC                        00000002
NOT_TO                            00000004
NOT_TX8                           00000006
NOT_W                             00000002
NOT_WRITE                         00000002
OBF                               00000006
OERR                              00000001
OPTION_REG                        00000081
P                                 00000004
PCFG0                             00000000
PCFG1                             00000001
PCFG2                             00000002
MPASM  5.37                         USART.ASM   11-29-2015  20:37:18         PAGE  5


SYMBOL TABLE
  LABEL                             VALUE 

PCFG3                             00000003
PCL                               00000002
PCLATH                            0000000A
PCON                              0000008E
PEIE                              00000006
PEN                               00000002
PIE1                              0000008C
PIE2                              0000008D
PIR1                              0000000C
PIR2                              0000000D
PORTA                             00000005
PORTB                             00000006
PORTC                             00000007
PORTD                             00000008
PORTE                             00000009
PR2                               00000092
PS0                               00000000
PS1                               00000001
PS2                               00000002
PSA                               00000003
PSPIE                             00000007
PSPIF                             00000007
PSPMODE                           00000004
R                                 00000002
RBIE                              00000003
RBIF                              00000000
RC8_9                             00000006
RC9                               00000006
RCD8                              00000000
RCEN                              00000003
RCIE                              00000005
RCIF                              00000005
RCREG                             0000001A
RCSTA                             00000018
RD                                00000000
READ_WRITE                        00000002
RP0                               00000005
RP1                               00000006
RS232_INIT                        0000000A
RS232_VERÝAL                      0000001F
RSEN                              00000001
RX9                               00000006
RX9D                              00000000
R_W                               00000002
S                                 00000003
SAYAC1                            00000021
SAYAC2                            00000022
SEN                               00000000
SMP                               00000007
SPBRG                             00000099
SPEN                              00000007
SREN                              00000005
SSPADD                            00000093
MPASM  5.37                         USART.ASM   11-29-2015  20:37:18         PAGE  6


SYMBOL TABLE
  LABEL                             VALUE 

SSPBUF                            00000013
SSPCON                            00000014
SSPCON2                           00000091
SSPEN                             00000005
SSPIE                             00000003
SSPIF                             00000003
SSPM0                             00000000
SSPM1                             00000001
SSPM2                             00000002
SSPM3                             00000003
SSPOV                             00000006
SSPSTAT                           00000094
STATUS                            00000003
SYNC                              00000004
T0CS                              00000005
T0IE                              00000005
T0IF                              00000002
T0SE                              00000004
T1CKPS0                           00000004
T1CKPS1                           00000005
T1CON                             00000010
T1INSYNC                          00000002
T1OSCEN                           00000003
T1SYNC                            00000002
T2CKPS0                           00000000
T2CKPS1                           00000001
T2CON                             00000012
TMR0                              00000001
TMR1CS                            00000001
TMR1H                             0000000F
TMR1IE                            00000000
TMR1IF                            00000000
TMR1L                             0000000E
TMR1ON                            00000000
TMR2                              00000011
TMR2IE                            00000001
TMR2IF                            00000001
TMR2ON                            00000002
TOUTPS0                           00000003
TOUTPS1                           00000004
TOUTPS2                           00000005
TOUTPS3                           00000006
TRISA                             00000085
TRISB                             00000086
TRISC                             00000087
TRISD                             00000088
TRISE                             00000089
TRISE0                            00000000
TRISE1                            00000001
TRISE2                            00000002
TRMT                              00000001
TX8_9                             00000006
TX9                               00000006
MPASM  5.37                         USART.ASM   11-29-2015  20:37:18         PAGE  7


SYMBOL TABLE
  LABEL                             VALUE 

TX9D                              00000000
TXD8                              00000000
TXEN                              00000005
TXIE                              00000004
TXIF                              00000004
TXREG                             00000019
TXSTA                             00000098
UA                                00000001
W                                 00000000
WCOL                              00000007
WR                                00000001
WREN                              00000002
WRERR                             00000003
Z                                 00000002
_BODEN_OFF                        00003FBF
_BODEN_ON                         00003FFF
_CPD_OFF                          00003FFF
_CPD_ON                           00003EFF
_CP_ALL                           00000FCF
_CP_HALF                          00001FDF
_CP_OFF                           00003FFF
_CP_UPPER_256                     00002FEF
_DEBUG_OFF                        00003FFF
_DEBUG_ON                         000037FF
_HS_OSC                           00003FFE
_LP_OSC                           00003FFC
_LVP_OFF                          00003F7F
_LVP_ON                           00003FFF
_PWRTE_OFF                        00003FFF
_PWRTE_ON                         00003FF7
_RC_OSC                           00003FFF
_WDT_OFF                          00003FFB
_WDT_ON                           00003FFF
_WRT_ENABLE_OFF                   00003DFF
_WRT_ENABLE_ON                    00003FFF
_XT_OSC                           00003FFD
__16F877                          00000001
__DEBUG                           1


MEMORY USAGE MAP ('X' = Used,  '-' = Unused)

0000 : XXXXXXXXXXXXXXXX XXXXXXXXXXXXXXXX XXXXXXXXXXXXXXX- ----------------

All other memory blocks unused.

Program Memory Words Used:    47
Program Memory Words Free:  8145


MPASM  5.37                         USART.ASM   11-29-2015  20:37:18         PAGE  8





Errors   :     0
Warnings :     3 reported,     0 suppressed
Messages :     6 reported,     0 suppressed

